Copyright 1986-2016 Xilinx, Inc. All Rights Reserved.
-------------------------------------------------------------------------------------------------------------------------------------
| Tool Version : Vivado v.2016.4 (lin64) Build 1756540 Mon Jan 23 19:11:19 MST 2017
| Date         : Thu Sep 14 00:17:45 2017
| Host         : ad-ubuntu running 64-bit Ubuntu 16.04.3 LTS
| Command      : report_methodology -file lab6_multiplier_methodology_drc_routed.rpt -rpx lab6_multiplier_methodology_drc_routed.rpx
| Design       : lab6_multiplier
| Device       : xc7a35tcpg236-1
| Speed File   : -1
| Design State : Routed
-------------------------------------------------------------------------------------------------------------------------------------

Report Methodology

Table of Contents
-----------------
1. REPORT SUMMARY
2. REPORT DETAILS

1. REPORT SUMMARY
-----------------
            Netlist: netlist
          Floorplan: design_1
      Design limits: <entire design considered>
             Max violations: <unlimited>
             Violations found: 19
+-----------+----------+-----------------------------+------------+
| Rule      | Severity | Description                 | Violations |
+-----------+----------+-----------------------------+------------+
| TIMING-17 | Warning  | Non-clocked sequential cell | 19         |
+-----------+----------+-----------------------------+------------+

2. REPORT DETAILS
-----------------
TIMING-17#1 Warning
Non-clocked sequential cell  
The clock pin seven_seg/XLXI_3/XLXI_22/q_tmp_reg/C is not reached by a timing clock
Related violations: <none>

TIMING-17#2 Warning
Non-clocked sequential cell  
The clock pin seven_seg/XLXI_3/XLXI_23/q_tmp_reg/C is not reached by a timing clock
Related violations: <none>

TIMING-17#3 Warning
Non-clocked sequential cell  
The clock pin seven_seg/XLXI_3/XLXI_3/XLXI_11/C is not reached by a timing clock
Related violations: <none>

TIMING-17#4 Warning
Non-clocked sequential cell  
The clock pin seven_seg/XLXI_3/XLXI_3/XLXI_12/C is not reached by a timing clock
Related violations: <none>

TIMING-17#5 Warning
Non-clocked sequential cell  
The clock pin seven_seg/XLXI_3/XLXI_3/XLXI_13/C is not reached by a timing clock
Related violations: <none>

TIMING-17#6 Warning
Non-clocked sequential cell  
The clock pin seven_seg/XLXI_3/XLXI_3/XLXI_14/C is not reached by a timing clock
Related violations: <none>

TIMING-17#7 Warning
Non-clocked sequential cell  
The clock pin seven_seg/XLXI_3/XLXI_3/XLXI_15/C is not reached by a timing clock
Related violations: <none>

TIMING-17#8 Warning
Non-clocked sequential cell  
The clock pin seven_seg/XLXI_3/XLXI_3/XLXI_16/C is not reached by a timing clock
Related violations: <none>

TIMING-17#9 Warning
Non-clocked sequential cell  
The clock pin seven_seg/XLXI_3/XLXI_3/XLXI_17/C is not reached by a timing clock
Related violations: <none>

TIMING-17#10 Warning
Non-clocked sequential cell  
The clock pin seven_seg/XLXI_3/XLXI_3/XLXI_18/C is not reached by a timing clock
Related violations: <none>

TIMING-17#11 Warning
Non-clocked sequential cell  
The clock pin seven_seg/XLXI_3/XLXI_3/XLXI_19/C is not reached by a timing clock
Related violations: <none>

TIMING-17#12 Warning
Non-clocked sequential cell  
The clock pin seven_seg/XLXI_3/XLXI_3/XLXI_2/C is not reached by a timing clock
Related violations: <none>

TIMING-17#13 Warning
Non-clocked sequential cell  
The clock pin seven_seg/XLXI_3/XLXI_3/XLXI_20/C is not reached by a timing clock
Related violations: <none>

TIMING-17#14 Warning
Non-clocked sequential cell  
The clock pin seven_seg/XLXI_3/XLXI_3/XLXI_3/C is not reached by a timing clock
Related violations: <none>

TIMING-17#15 Warning
Non-clocked sequential cell  
The clock pin seven_seg/XLXI_3/XLXI_3/XLXI_4/C is not reached by a timing clock
Related violations: <none>

TIMING-17#16 Warning
Non-clocked sequential cell  
The clock pin seven_seg/XLXI_3/XLXI_3/XLXI_5/C is not reached by a timing clock
Related violations: <none>

TIMING-17#17 Warning
Non-clocked sequential cell  
The clock pin seven_seg/XLXI_3/XLXI_3/XLXI_6/C is not reached by a timing clock
Related violations: <none>

TIMING-17#18 Warning
Non-clocked sequential cell  
The clock pin seven_seg/XLXI_3/XLXI_3/XLXI_7/C is not reached by a timing clock
Related violations: <none>

TIMING-17#19 Warning
Non-clocked sequential cell  
The clock pin seven_seg/XLXI_3/XLXI_3/XLXI_8/C is not reached by a timing clock
Related violations: <none>


