Copyright 1986-2016 Xilinx, Inc. All Rights Reserved.
--------------------------------------------------------------------------------------------
| Tool Version : Vivado v.2016.4 (lin64) Build 1756540 Mon Jan 23 19:11:19 MST 2017
| Date         : Thu Sep 14 00:17:32 2017
| Host         : ad-ubuntu running 64-bit Ubuntu 16.04.3 LTS
| Command      : report_control_sets -verbose -file lab6_multiplier_control_sets_placed.rpt
| Design       : lab6_multiplier
| Device       : xc7a35t
--------------------------------------------------------------------------------------------

Control Set Information

Table of Contents
-----------------
1. Summary
2. Flip-Flop Distribution
3. Detailed Control Set Information

1. Summary
----------

+----------------------------------------------------------+-------+
|                          Status                          | Count |
+----------------------------------------------------------+-------+
| Number of unique control sets                            |    18 |
| Unused register locations in slices containing registers |   125 |
+----------------------------------------------------------+-------+


2. Flip-Flop Distribution
-------------------------

+--------------+-----------------------+------------------------+-----------------+--------------+
| Clock Enable | Synchronous Set/Reset | Asynchronous Set/Reset | Total Registers | Total Slices |
+--------------+-----------------------+------------------------+-----------------+--------------+
| No           | No                    | No                     |              19 |           18 |
| No           | No                    | Yes                    |               0 |            0 |
| No           | Yes                   | No                     |               0 |            0 |
| Yes          | No                    | No                     |               0 |            0 |
| Yes          | No                    | Yes                    |               0 |            0 |
| Yes          | Yes                   | No                     |               0 |            0 |
+--------------+-----------------------+------------------------+-----------------+--------------+


3. Detailed Control Set Information
-----------------------------------

+-----------------------------------+---------------+------------------+------------------+----------------+
|            Clock Signal           | Enable Signal | Set/Reset Signal | Slice Load Count | Bel Load Count |
+-----------------------------------+---------------+------------------+------------------+----------------+
|  seven_seg/XLXI_3/XLXI_3/XLXN_14  |               |                  |                1 |              1 |
|  clk_IBUF_BUFG                    |               |                  |                1 |              1 |
|  seven_seg/XLXI_3/XLXI_3/XLXN_13  |               |                  |                1 |              1 |
|  seven_seg/XLXI_3/XLXI_3/XLXN_1   |               |                  |                1 |              1 |
|  seven_seg/XLXI_3/XLXI_3/XLXN_10  |               |                  |                1 |              1 |
|  seven_seg/XLXI_3/XLXI_3/XLXN_11  |               |                  |                1 |              1 |
|  seven_seg/XLXI_3/XLXI_3/XLXN_12  |               |                  |                1 |              1 |
|  seven_seg/XLXI_3/XLXI_3/XLXN_15  |               |                  |                1 |              1 |
|  seven_seg/XLXI_3/XLXI_3/XLXN_16  |               |                  |                1 |              1 |
|  seven_seg/XLXI_3/XLXI_3/XLXN_2_0 |               |                  |                1 |              1 |
|  seven_seg/XLXI_3/XLXI_3/XLXN_3_1 |               |                  |                1 |              1 |
|  seven_seg/XLXI_3/XLXI_3/XLXN_26  |               |                  |                1 |              1 |
|  seven_seg/XLXI_3/XLXI_3/XLXN_4   |               |                  |                1 |              1 |
|  seven_seg/XLXI_3/XLXI_3/XLXN_5   |               |                  |                1 |              1 |
|  seven_seg/XLXI_3/XLXI_3/XLXN_6   |               |                  |                1 |              1 |
|  seven_seg/XLXI_3/XLXI_3/XLXN_7   |               |                  |                1 |              1 |
|  seven_seg/XLXI_3/XLXI_3/XLXN_27  |               |                  |                1 |              1 |
|  seven_seg/XLXI_3/XLXN_52         |               |                  |                1 |              2 |
+-----------------------------------+---------------+------------------+------------------+----------------+


+--------+-----------------------+
| Fanout | Number of ControlSets |
+--------+-----------------------+
| 1      |                    17 |
| 2      |                     1 |
+--------+-----------------------+


