
*** Running vivado
    with args -log cla_adder_8.vds -m64 -product Vivado -mode batch -messageDb vivado.pb -notrace -source cla_adder_8.tcl

awk: symbol lookup error: awk: undefined symbol: mpfr_z_sub

****** Vivado v2016.4 (64-bit)
  **** SW Build 1756540 on Mon Jan 23 19:11:19 MST 2017
  **** IP Build 1755317 on Mon Jan 23 20:30:07 MST 2017
    ** Copyright 1986-2016 Xilinx, Inc. All Rights Reserved.

source cla_adder_8.tcl -notrace
Command: synth_design -top cla_adder_8 -part xc7a35tcpg236-1
Starting synth_design
Attempting to get a license for feature 'Synthesis' and/or device 'xc7a35t'
INFO: [Common 17-349] Got license for feature 'Synthesis' and/or device 'xc7a35t'
INFO: Launching helper process for spawning children vivado processes
INFO: Helper process launched with PID 17467 
awk: symbol lookup error: awk: undefined symbol: mpfr_z_sub
---------------------------------------------------------------------------------
Starting RTL Elaboration : Time (s): cpu = 00:00:05 ; elapsed = 00:00:05 . Memory (MB): peak = 1057.566 ; gain = 127.098 ; free physical = 443 ; free virtual = 10326
---------------------------------------------------------------------------------
INFO: [Synth 8-638] synthesizing module 'cla_adder_8' [/media/ad/Area51/workspace/col215_prac_lab/lab6/submission/lab6_multiplier.vhd:400]
INFO: [Synth 8-3491] module 'full_adder' declared at '/media/ad/Area51/workspace/col215_prac_lab/lab6/submission/lab6_multiplier.vhd:3' bound to instance 'first_l_unit1' of component 'full_adder' [/media/ad/Area51/workspace/col215_prac_lab/lab6/submission/lab6_multiplier.vhd:486]
INFO: [Synth 8-638] synthesizing module 'full_adder' [/media/ad/Area51/workspace/col215_prac_lab/lab6/submission/lab6_multiplier.vhd:10]
INFO: [Synth 8-256] done synthesizing module 'full_adder' (1#1) [/media/ad/Area51/workspace/col215_prac_lab/lab6/submission/lab6_multiplier.vhd:10]
INFO: [Synth 8-3491] module 'full_adder' declared at '/media/ad/Area51/workspace/col215_prac_lab/lab6/submission/lab6_multiplier.vhd:3' bound to instance 'first_l' of component 'full_adder' [/media/ad/Area51/workspace/col215_prac_lab/lab6/submission/lab6_multiplier.vhd:489]
INFO: [Synth 8-3491] module 'full_adder' declared at '/media/ad/Area51/workspace/col215_prac_lab/lab6/submission/lab6_multiplier.vhd:3' bound to instance 'first_l' of component 'full_adder' [/media/ad/Area51/workspace/col215_prac_lab/lab6/submission/lab6_multiplier.vhd:489]
INFO: [Synth 8-3491] module 'full_adder' declared at '/media/ad/Area51/workspace/col215_prac_lab/lab6/submission/lab6_multiplier.vhd:3' bound to instance 'first_l' of component 'full_adder' [/media/ad/Area51/workspace/col215_prac_lab/lab6/submission/lab6_multiplier.vhd:489]
INFO: [Synth 8-3491] module 'full_adder' declared at '/media/ad/Area51/workspace/col215_prac_lab/lab6/submission/lab6_multiplier.vhd:3' bound to instance 'first_l' of component 'full_adder' [/media/ad/Area51/workspace/col215_prac_lab/lab6/submission/lab6_multiplier.vhd:489]
INFO: [Synth 8-3491] module 'full_adder' declared at '/media/ad/Area51/workspace/col215_prac_lab/lab6/submission/lab6_multiplier.vhd:3' bound to instance 'first_l' of component 'full_adder' [/media/ad/Area51/workspace/col215_prac_lab/lab6/submission/lab6_multiplier.vhd:489]
INFO: [Synth 8-3491] module 'full_adder' declared at '/media/ad/Area51/workspace/col215_prac_lab/lab6/submission/lab6_multiplier.vhd:3' bound to instance 'first_l' of component 'full_adder' [/media/ad/Area51/workspace/col215_prac_lab/lab6/submission/lab6_multiplier.vhd:489]
INFO: [Synth 8-3491] module 'full_adder' declared at '/media/ad/Area51/workspace/col215_prac_lab/lab6/submission/lab6_multiplier.vhd:3' bound to instance 'first_l_unit_last' of component 'full_adder' [/media/ad/Area51/workspace/col215_prac_lab/lab6/submission/lab6_multiplier.vhd:492]
INFO: [Synth 8-3491] module 'full_adder' declared at '/media/ad/Area51/workspace/col215_prac_lab/lab6/submission/lab6_multiplier.vhd:3' bound to instance 'second_l_first' of component 'full_adder' [/media/ad/Area51/workspace/col215_prac_lab/lab6/submission/lab6_multiplier.vhd:499]
INFO: [Synth 8-3491] module 'full_adder' declared at '/media/ad/Area51/workspace/col215_prac_lab/lab6/submission/lab6_multiplier.vhd:3' bound to instance 'second_l' of component 'full_adder' [/media/ad/Area51/workspace/col215_prac_lab/lab6/submission/lab6_multiplier.vhd:502]
INFO: [Synth 8-3491] module 'full_adder' declared at '/media/ad/Area51/workspace/col215_prac_lab/lab6/submission/lab6_multiplier.vhd:3' bound to instance 'second_l' of component 'full_adder' [/media/ad/Area51/workspace/col215_prac_lab/lab6/submission/lab6_multiplier.vhd:502]
INFO: [Synth 8-3491] module 'full_adder' declared at '/media/ad/Area51/workspace/col215_prac_lab/lab6/submission/lab6_multiplier.vhd:3' bound to instance 'second_l' of component 'full_adder' [/media/ad/Area51/workspace/col215_prac_lab/lab6/submission/lab6_multiplier.vhd:502]
INFO: [Synth 8-3491] module 'full_adder' declared at '/media/ad/Area51/workspace/col215_prac_lab/lab6/submission/lab6_multiplier.vhd:3' bound to instance 'second_l' of component 'full_adder' [/media/ad/Area51/workspace/col215_prac_lab/lab6/submission/lab6_multiplier.vhd:502]
INFO: [Synth 8-3491] module 'full_adder' declared at '/media/ad/Area51/workspace/col215_prac_lab/lab6/submission/lab6_multiplier.vhd:3' bound to instance 'second_l' of component 'full_adder' [/media/ad/Area51/workspace/col215_prac_lab/lab6/submission/lab6_multiplier.vhd:502]
INFO: [Synth 8-3491] module 'full_adder' declared at '/media/ad/Area51/workspace/col215_prac_lab/lab6/submission/lab6_multiplier.vhd:3' bound to instance 'second_l' of component 'full_adder' [/media/ad/Area51/workspace/col215_prac_lab/lab6/submission/lab6_multiplier.vhd:502]
INFO: [Synth 8-3491] module 'full_adder' declared at '/media/ad/Area51/workspace/col215_prac_lab/lab6/submission/lab6_multiplier.vhd:3' bound to instance 'second_l' of component 'full_adder' [/media/ad/Area51/workspace/col215_prac_lab/lab6/submission/lab6_multiplier.vhd:502]
INFO: [Synth 8-3491] module 'full_adder' declared at '/media/ad/Area51/workspace/col215_prac_lab/lab6/submission/lab6_multiplier.vhd:3' bound to instance 'third_l_first' of component 'full_adder' [/media/ad/Area51/workspace/col215_prac_lab/lab6/submission/lab6_multiplier.vhd:509]
INFO: [Synth 8-3491] module 'full_adder' declared at '/media/ad/Area51/workspace/col215_prac_lab/lab6/submission/lab6_multiplier.vhd:3' bound to instance 'third_l' of component 'full_adder' [/media/ad/Area51/workspace/col215_prac_lab/lab6/submission/lab6_multiplier.vhd:512]
INFO: [Synth 8-3491] module 'full_adder' declared at '/media/ad/Area51/workspace/col215_prac_lab/lab6/submission/lab6_multiplier.vhd:3' bound to instance 'third_l' of component 'full_adder' [/media/ad/Area51/workspace/col215_prac_lab/lab6/submission/lab6_multiplier.vhd:512]
INFO: [Synth 8-3491] module 'full_adder' declared at '/media/ad/Area51/workspace/col215_prac_lab/lab6/submission/lab6_multiplier.vhd:3' bound to instance 'third_l' of component 'full_adder' [/media/ad/Area51/workspace/col215_prac_lab/lab6/submission/lab6_multiplier.vhd:512]
INFO: [Synth 8-3491] module 'full_adder' declared at '/media/ad/Area51/workspace/col215_prac_lab/lab6/submission/lab6_multiplier.vhd:3' bound to instance 'third_l' of component 'full_adder' [/media/ad/Area51/workspace/col215_prac_lab/lab6/submission/lab6_multiplier.vhd:512]
INFO: [Synth 8-3491] module 'full_adder' declared at '/media/ad/Area51/workspace/col215_prac_lab/lab6/submission/lab6_multiplier.vhd:3' bound to instance 'third_l' of component 'full_adder' [/media/ad/Area51/workspace/col215_prac_lab/lab6/submission/lab6_multiplier.vhd:512]
INFO: [Synth 8-3491] module 'full_adder' declared at '/media/ad/Area51/workspace/col215_prac_lab/lab6/submission/lab6_multiplier.vhd:3' bound to instance 'third_l' of component 'full_adder' [/media/ad/Area51/workspace/col215_prac_lab/lab6/submission/lab6_multiplier.vhd:512]
INFO: [Synth 8-3491] module 'full_adder' declared at '/media/ad/Area51/workspace/col215_prac_lab/lab6/submission/lab6_multiplier.vhd:3' bound to instance 'third_l' of component 'full_adder' [/media/ad/Area51/workspace/col215_prac_lab/lab6/submission/lab6_multiplier.vhd:512]
INFO: [Synth 8-3491] module 'full_adder' declared at '/media/ad/Area51/workspace/col215_prac_lab/lab6/submission/lab6_multiplier.vhd:3' bound to instance 'fourth_l_first' of component 'full_adder' [/media/ad/Area51/workspace/col215_prac_lab/lab6/submission/lab6_multiplier.vhd:519]
INFO: [Synth 8-3491] module 'full_adder' declared at '/media/ad/Area51/workspace/col215_prac_lab/lab6/submission/lab6_multiplier.vhd:3' bound to instance 'fourth_l' of component 'full_adder' [/media/ad/Area51/workspace/col215_prac_lab/lab6/submission/lab6_multiplier.vhd:522]
INFO: [Synth 8-3491] module 'full_adder' declared at '/media/ad/Area51/workspace/col215_prac_lab/lab6/submission/lab6_multiplier.vhd:3' bound to instance 'fourth_l' of component 'full_adder' [/media/ad/Area51/workspace/col215_prac_lab/lab6/submission/lab6_multiplier.vhd:522]
INFO: [Synth 8-3491] module 'full_adder' declared at '/media/ad/Area51/workspace/col215_prac_lab/lab6/submission/lab6_multiplier.vhd:3' bound to instance 'fourth_l' of component 'full_adder' [/media/ad/Area51/workspace/col215_prac_lab/lab6/submission/lab6_multiplier.vhd:522]
INFO: [Synth 8-3491] module 'full_adder' declared at '/media/ad/Area51/workspace/col215_prac_lab/lab6/submission/lab6_multiplier.vhd:3' bound to instance 'fourth_l' of component 'full_adder' [/media/ad/Area51/workspace/col215_prac_lab/lab6/submission/lab6_multiplier.vhd:522]
INFO: [Synth 8-3491] module 'full_adder' declared at '/media/ad/Area51/workspace/col215_prac_lab/lab6/submission/lab6_multiplier.vhd:3' bound to instance 'fourth_l' of component 'full_adder' [/media/ad/Area51/workspace/col215_prac_lab/lab6/submission/lab6_multiplier.vhd:522]
INFO: [Synth 8-3491] module 'full_adder' declared at '/media/ad/Area51/workspace/col215_prac_lab/lab6/submission/lab6_multiplier.vhd:3' bound to instance 'fourth_l' of component 'full_adder' [/media/ad/Area51/workspace/col215_prac_lab/lab6/submission/lab6_multiplier.vhd:522]
INFO: [Synth 8-3491] module 'full_adder' declared at '/media/ad/Area51/workspace/col215_prac_lab/lab6/submission/lab6_multiplier.vhd:3' bound to instance 'fourth_l' of component 'full_adder' [/media/ad/Area51/workspace/col215_prac_lab/lab6/submission/lab6_multiplier.vhd:522]
INFO: [Synth 8-3491] module 'full_adder' declared at '/media/ad/Area51/workspace/col215_prac_lab/lab6/submission/lab6_multiplier.vhd:3' bound to instance 'fifth_l_first' of component 'full_adder' [/media/ad/Area51/workspace/col215_prac_lab/lab6/submission/lab6_multiplier.vhd:528]
INFO: [Synth 8-3491] module 'full_adder' declared at '/media/ad/Area51/workspace/col215_prac_lab/lab6/submission/lab6_multiplier.vhd:3' bound to instance 'fifth_l' of component 'full_adder' [/media/ad/Area51/workspace/col215_prac_lab/lab6/submission/lab6_multiplier.vhd:531]
INFO: [Synth 8-3491] module 'full_adder' declared at '/media/ad/Area51/workspace/col215_prac_lab/lab6/submission/lab6_multiplier.vhd:3' bound to instance 'fifth_l' of component 'full_adder' [/media/ad/Area51/workspace/col215_prac_lab/lab6/submission/lab6_multiplier.vhd:531]
INFO: [Synth 8-3491] module 'full_adder' declared at '/media/ad/Area51/workspace/col215_prac_lab/lab6/submission/lab6_multiplier.vhd:3' bound to instance 'fifth_l' of component 'full_adder' [/media/ad/Area51/workspace/col215_prac_lab/lab6/submission/lab6_multiplier.vhd:531]
INFO: [Synth 8-3491] module 'full_adder' declared at '/media/ad/Area51/workspace/col215_prac_lab/lab6/submission/lab6_multiplier.vhd:3' bound to instance 'fifth_l' of component 'full_adder' [/media/ad/Area51/workspace/col215_prac_lab/lab6/submission/lab6_multiplier.vhd:531]
INFO: [Synth 8-3491] module 'full_adder' declared at '/media/ad/Area51/workspace/col215_prac_lab/lab6/submission/lab6_multiplier.vhd:3' bound to instance 'fifth_l' of component 'full_adder' [/media/ad/Area51/workspace/col215_prac_lab/lab6/submission/lab6_multiplier.vhd:531]
INFO: [Synth 8-3491] module 'full_adder' declared at '/media/ad/Area51/workspace/col215_prac_lab/lab6/submission/lab6_multiplier.vhd:3' bound to instance 'fifth_l' of component 'full_adder' [/media/ad/Area51/workspace/col215_prac_lab/lab6/submission/lab6_multiplier.vhd:531]
INFO: [Synth 8-3491] module 'full_adder' declared at '/media/ad/Area51/workspace/col215_prac_lab/lab6/submission/lab6_multiplier.vhd:3' bound to instance 'fifth_l' of component 'full_adder' [/media/ad/Area51/workspace/col215_prac_lab/lab6/submission/lab6_multiplier.vhd:531]
INFO: [Synth 8-3491] module 'full_adder' declared at '/media/ad/Area51/workspace/col215_prac_lab/lab6/submission/lab6_multiplier.vhd:3' bound to instance 'sixth_l_first' of component 'full_adder' [/media/ad/Area51/workspace/col215_prac_lab/lab6/submission/lab6_multiplier.vhd:537]
INFO: [Synth 8-3491] module 'full_adder' declared at '/media/ad/Area51/workspace/col215_prac_lab/lab6/submission/lab6_multiplier.vhd:3' bound to instance 'sixth_l' of component 'full_adder' [/media/ad/Area51/workspace/col215_prac_lab/lab6/submission/lab6_multiplier.vhd:540]
INFO: [Synth 8-3491] module 'full_adder' declared at '/media/ad/Area51/workspace/col215_prac_lab/lab6/submission/lab6_multiplier.vhd:3' bound to instance 'sixth_l' of component 'full_adder' [/media/ad/Area51/workspace/col215_prac_lab/lab6/submission/lab6_multiplier.vhd:540]
INFO: [Synth 8-3491] module 'full_adder' declared at '/media/ad/Area51/workspace/col215_prac_lab/lab6/submission/lab6_multiplier.vhd:3' bound to instance 'sixth_l' of component 'full_adder' [/media/ad/Area51/workspace/col215_prac_lab/lab6/submission/lab6_multiplier.vhd:540]
INFO: [Synth 8-3491] module 'full_adder' declared at '/media/ad/Area51/workspace/col215_prac_lab/lab6/submission/lab6_multiplier.vhd:3' bound to instance 'sixth_l' of component 'full_adder' [/media/ad/Area51/workspace/col215_prac_lab/lab6/submission/lab6_multiplier.vhd:540]
INFO: [Synth 8-3491] module 'full_adder' declared at '/media/ad/Area51/workspace/col215_prac_lab/lab6/submission/lab6_multiplier.vhd:3' bound to instance 'sixth_l' of component 'full_adder' [/media/ad/Area51/workspace/col215_prac_lab/lab6/submission/lab6_multiplier.vhd:540]
INFO: [Synth 8-3491] module 'full_adder' declared at '/media/ad/Area51/workspace/col215_prac_lab/lab6/submission/lab6_multiplier.vhd:3' bound to instance 'sixth_l' of component 'full_adder' [/media/ad/Area51/workspace/col215_prac_lab/lab6/submission/lab6_multiplier.vhd:540]
INFO: [Synth 8-3491] module 'full_adder' declared at '/media/ad/Area51/workspace/col215_prac_lab/lab6/submission/lab6_multiplier.vhd:3' bound to instance 'sixth_l' of component 'full_adder' [/media/ad/Area51/workspace/col215_prac_lab/lab6/submission/lab6_multiplier.vhd:540]
INFO: [Synth 8-3491] module 'cla_adder_4' declared at '/media/ad/Area51/workspace/col215_prac_lab/lab6/submission/lab6_multiplier.vhd:341' bound to instance 'cla_first' of component 'cla_adder_4' [/media/ad/Area51/workspace/col215_prac_lab/lab6/submission/lab6_multiplier.vhd:563]
INFO: [Synth 8-638] synthesizing module 'cla_adder_4' [/media/ad/Area51/workspace/col215_prac_lab/lab6/submission/lab6_multiplier.vhd:350]
INFO: [Synth 8-3491] module 'full_adder' declared at '/media/ad/Area51/workspace/col215_prac_lab/lab6/submission/lab6_multiplier.vhd:3' bound to instance 'add' of component 'full_adder' [/media/ad/Area51/workspace/col215_prac_lab/lab6/submission/lab6_multiplier.vhd:381]
INFO: [Synth 8-3491] module 'full_adder' declared at '/media/ad/Area51/workspace/col215_prac_lab/lab6/submission/lab6_multiplier.vhd:3' bound to instance 'add' of component 'full_adder' [/media/ad/Area51/workspace/col215_prac_lab/lab6/submission/lab6_multiplier.vhd:381]
INFO: [Synth 8-3491] module 'full_adder' declared at '/media/ad/Area51/workspace/col215_prac_lab/lab6/submission/lab6_multiplier.vhd:3' bound to instance 'add' of component 'full_adder' [/media/ad/Area51/workspace/col215_prac_lab/lab6/submission/lab6_multiplier.vhd:381]
INFO: [Synth 8-3491] module 'full_adder' declared at '/media/ad/Area51/workspace/col215_prac_lab/lab6/submission/lab6_multiplier.vhd:3' bound to instance 'add' of component 'full_adder' [/media/ad/Area51/workspace/col215_prac_lab/lab6/submission/lab6_multiplier.vhd:381]
INFO: [Synth 8-256] done synthesizing module 'cla_adder_4' (2#1) [/media/ad/Area51/workspace/col215_prac_lab/lab6/submission/lab6_multiplier.vhd:350]
INFO: [Synth 8-3491] module 'cla_adder_4' declared at '/media/ad/Area51/workspace/col215_prac_lab/lab6/submission/lab6_multiplier.vhd:341' bound to instance 'cla_second' of component 'cla_adder_4' [/media/ad/Area51/workspace/col215_prac_lab/lab6/submission/lab6_multiplier.vhd:571]
INFO: [Synth 8-256] done synthesizing module 'cla_adder_8' (3#1) [/media/ad/Area51/workspace/col215_prac_lab/lab6/submission/lab6_multiplier.vhd:400]
---------------------------------------------------------------------------------
Finished RTL Elaboration : Time (s): cpu = 00:00:06 ; elapsed = 00:00:06 . Memory (MB): peak = 1099.035 ; gain = 168.566 ; free physical = 400 ; free virtual = 10284
---------------------------------------------------------------------------------

Report Check Netlist: 
+------+------------------+-------+---------+-------+------------------+
|      |Item              |Errors |Warnings |Status |Description       |
+------+------------------+-------+---------+-------+------------------+
|1     |multi_driven_nets |      0|        0|Passed |Multi driven nets |
+------+------------------+-------+---------+-------+------------------+
---------------------------------------------------------------------------------
Finished RTL Optimization Phase 1 : Time (s): cpu = 00:00:06 ; elapsed = 00:00:06 . Memory (MB): peak = 1099.035 ; gain = 168.566 ; free physical = 400 ; free virtual = 10284
---------------------------------------------------------------------------------
INFO: [Device 21-403] Loading part xc7a35tcpg236-1
INFO: [Project 1-570] Preparing netlist for logic optimization

Processing XDC Constraints
Initializing timing engine
Parsing XDC File [/media/ad/Area51/workspace/col215_prac_lab/lab6/lab6_multiplier.xdc]
CRITICAL WARNING: [Designutils 20-1307] Command 'Bank' is not supported in the xdc constraint file. [/media/ad/Area51/workspace/col215_prac_lab/lab6/lab6_multiplier.xdc:7]
WARNING: [Vivado 12-584] No ports matched 'clk'. [/media/ad/Area51/workspace/col215_prac_lab/lab6/lab6_multiplier.xdc:8]
CRITICAL WARNING: [Common 17-55] 'set_property' expects at least one object. [/media/ad/Area51/workspace/col215_prac_lab/lab6/lab6_multiplier.xdc:8]
Resolution: If [get_<value>] was used to populate the object, check to make sure this command returns at least one valid object.
WARNING: [Vivado 12-584] No ports matched 'clk'. [/media/ad/Area51/workspace/col215_prac_lab/lab6/lab6_multiplier.xdc:9]
CRITICAL WARNING: [Common 17-55] 'set_property' expects at least one object. [/media/ad/Area51/workspace/col215_prac_lab/lab6/lab6_multiplier.xdc:9]
Resolution: If [get_<value>] was used to populate the object, check to make sure this command returns at least one valid object.
WARNING: [Vivado 12-584] No ports matched 'clk'. [/media/ad/Area51/workspace/col215_prac_lab/lab6/lab6_multiplier.xdc:10]
CRITICAL WARNING: [Vivado 12-4739] create_clock:No valid object(s) found for '-objects [get_ports clk]'. [/media/ad/Area51/workspace/col215_prac_lab/lab6/lab6_multiplier.xdc:10]
Resolution: Check if the specified object(s) exists in the current design. If it does, ensure that the correct design hierarchy was specified for the object. If you are working with clocks, make sure create_clock was used to create the clock object before it is referenced.
WARNING: [Vivado 12-584] No ports matched 'in2[7]'. [/media/ad/Area51/workspace/col215_prac_lab/lab6/lab6_multiplier.xdc:13]
CRITICAL WARNING: [Common 17-55] 'set_property' expects at least one object. [/media/ad/Area51/workspace/col215_prac_lab/lab6/lab6_multiplier.xdc:13]
Resolution: If [get_<value>] was used to populate the object, check to make sure this command returns at least one valid object.
WARNING: [Vivado 12-584] No ports matched 'in2[7]'. [/media/ad/Area51/workspace/col215_prac_lab/lab6/lab6_multiplier.xdc:14]
CRITICAL WARNING: [Common 17-55] 'set_property' expects at least one object. [/media/ad/Area51/workspace/col215_prac_lab/lab6/lab6_multiplier.xdc:14]
Resolution: If [get_<value>] was used to populate the object, check to make sure this command returns at least one valid object.
WARNING: [Vivado 12-584] No ports matched 'in2[6]'. [/media/ad/Area51/workspace/col215_prac_lab/lab6/lab6_multiplier.xdc:16]
CRITICAL WARNING: [Common 17-55] 'set_property' expects at least one object. [/media/ad/Area51/workspace/col215_prac_lab/lab6/lab6_multiplier.xdc:16]
Resolution: If [get_<value>] was used to populate the object, check to make sure this command returns at least one valid object.
WARNING: [Vivado 12-584] No ports matched 'in2[6]'. [/media/ad/Area51/workspace/col215_prac_lab/lab6/lab6_multiplier.xdc:17]
CRITICAL WARNING: [Common 17-55] 'set_property' expects at least one object. [/media/ad/Area51/workspace/col215_prac_lab/lab6/lab6_multiplier.xdc:17]
Resolution: If [get_<value>] was used to populate the object, check to make sure this command returns at least one valid object.
WARNING: [Vivado 12-584] No ports matched 'in2[5]'. [/media/ad/Area51/workspace/col215_prac_lab/lab6/lab6_multiplier.xdc:19]
CRITICAL WARNING: [Common 17-55] 'set_property' expects at least one object. [/media/ad/Area51/workspace/col215_prac_lab/lab6/lab6_multiplier.xdc:19]
Resolution: If [get_<value>] was used to populate the object, check to make sure this command returns at least one valid object.
WARNING: [Vivado 12-584] No ports matched 'in2[5]'. [/media/ad/Area51/workspace/col215_prac_lab/lab6/lab6_multiplier.xdc:20]
CRITICAL WARNING: [Common 17-55] 'set_property' expects at least one object. [/media/ad/Area51/workspace/col215_prac_lab/lab6/lab6_multiplier.xdc:20]
Resolution: If [get_<value>] was used to populate the object, check to make sure this command returns at least one valid object.
WARNING: [Vivado 12-584] No ports matched 'in2[4]'. [/media/ad/Area51/workspace/col215_prac_lab/lab6/lab6_multiplier.xdc:22]
CRITICAL WARNING: [Common 17-55] 'set_property' expects at least one object. [/media/ad/Area51/workspace/col215_prac_lab/lab6/lab6_multiplier.xdc:22]
Resolution: If [get_<value>] was used to populate the object, check to make sure this command returns at least one valid object.
WARNING: [Vivado 12-584] No ports matched 'in2[4]'. [/media/ad/Area51/workspace/col215_prac_lab/lab6/lab6_multiplier.xdc:23]
CRITICAL WARNING: [Common 17-55] 'set_property' expects at least one object. [/media/ad/Area51/workspace/col215_prac_lab/lab6/lab6_multiplier.xdc:23]
Resolution: If [get_<value>] was used to populate the object, check to make sure this command returns at least one valid object.
WARNING: [Vivado 12-584] No ports matched 'in2[3]'. [/media/ad/Area51/workspace/col215_prac_lab/lab6/lab6_multiplier.xdc:25]
CRITICAL WARNING: [Common 17-55] 'set_property' expects at least one object. [/media/ad/Area51/workspace/col215_prac_lab/lab6/lab6_multiplier.xdc:25]
Resolution: If [get_<value>] was used to populate the object, check to make sure this command returns at least one valid object.
WARNING: [Vivado 12-584] No ports matched 'in2[3]'. [/media/ad/Area51/workspace/col215_prac_lab/lab6/lab6_multiplier.xdc:26]
CRITICAL WARNING: [Common 17-55] 'set_property' expects at least one object. [/media/ad/Area51/workspace/col215_prac_lab/lab6/lab6_multiplier.xdc:26]
Resolution: If [get_<value>] was used to populate the object, check to make sure this command returns at least one valid object.
WARNING: [Vivado 12-584] No ports matched 'in2[2]'. [/media/ad/Area51/workspace/col215_prac_lab/lab6/lab6_multiplier.xdc:28]
CRITICAL WARNING: [Common 17-55] 'set_property' expects at least one object. [/media/ad/Area51/workspace/col215_prac_lab/lab6/lab6_multiplier.xdc:28]
Resolution: If [get_<value>] was used to populate the object, check to make sure this command returns at least one valid object.
WARNING: [Vivado 12-584] No ports matched 'in2[2]'. [/media/ad/Area51/workspace/col215_prac_lab/lab6/lab6_multiplier.xdc:29]
CRITICAL WARNING: [Common 17-55] 'set_property' expects at least one object. [/media/ad/Area51/workspace/col215_prac_lab/lab6/lab6_multiplier.xdc:29]
Resolution: If [get_<value>] was used to populate the object, check to make sure this command returns at least one valid object.
WARNING: [Vivado 12-584] No ports matched 'in2[1]'. [/media/ad/Area51/workspace/col215_prac_lab/lab6/lab6_multiplier.xdc:31]
CRITICAL WARNING: [Common 17-55] 'set_property' expects at least one object. [/media/ad/Area51/workspace/col215_prac_lab/lab6/lab6_multiplier.xdc:31]
Resolution: If [get_<value>] was used to populate the object, check to make sure this command returns at least one valid object.
WARNING: [Vivado 12-584] No ports matched 'in2[1]'. [/media/ad/Area51/workspace/col215_prac_lab/lab6/lab6_multiplier.xdc:32]
CRITICAL WARNING: [Common 17-55] 'set_property' expects at least one object. [/media/ad/Area51/workspace/col215_prac_lab/lab6/lab6_multiplier.xdc:32]
Resolution: If [get_<value>] was used to populate the object, check to make sure this command returns at least one valid object.
WARNING: [Vivado 12-584] No ports matched 'in2[0]'. [/media/ad/Area51/workspace/col215_prac_lab/lab6/lab6_multiplier.xdc:34]
CRITICAL WARNING: [Common 17-55] 'set_property' expects at least one object. [/media/ad/Area51/workspace/col215_prac_lab/lab6/lab6_multiplier.xdc:34]
Resolution: If [get_<value>] was used to populate the object, check to make sure this command returns at least one valid object.
WARNING: [Vivado 12-584] No ports matched 'in2[0]'. [/media/ad/Area51/workspace/col215_prac_lab/lab6/lab6_multiplier.xdc:35]
CRITICAL WARNING: [Common 17-55] 'set_property' expects at least one object. [/media/ad/Area51/workspace/col215_prac_lab/lab6/lab6_multiplier.xdc:35]
Resolution: If [get_<value>] was used to populate the object, check to make sure this command returns at least one valid object.
WARNING: [Vivado 12-584] No ports matched 'in1[7]'. [/media/ad/Area51/workspace/col215_prac_lab/lab6/lab6_multiplier.xdc:37]
CRITICAL WARNING: [Common 17-55] 'set_property' expects at least one object. [/media/ad/Area51/workspace/col215_prac_lab/lab6/lab6_multiplier.xdc:37]
Resolution: If [get_<value>] was used to populate the object, check to make sure this command returns at least one valid object.
WARNING: [Vivado 12-584] No ports matched 'in1[7]'. [/media/ad/Area51/workspace/col215_prac_lab/lab6/lab6_multiplier.xdc:38]
CRITICAL WARNING: [Common 17-55] 'set_property' expects at least one object. [/media/ad/Area51/workspace/col215_prac_lab/lab6/lab6_multiplier.xdc:38]
Resolution: If [get_<value>] was used to populate the object, check to make sure this command returns at least one valid object.
WARNING: [Vivado 12-584] No ports matched 'in1[6]'. [/media/ad/Area51/workspace/col215_prac_lab/lab6/lab6_multiplier.xdc:40]
CRITICAL WARNING: [Common 17-55] 'set_property' expects at least one object. [/media/ad/Area51/workspace/col215_prac_lab/lab6/lab6_multiplier.xdc:40]
Resolution: If [get_<value>] was used to populate the object, check to make sure this command returns at least one valid object.
WARNING: [Vivado 12-584] No ports matched 'in1[6]'. [/media/ad/Area51/workspace/col215_prac_lab/lab6/lab6_multiplier.xdc:41]
CRITICAL WARNING: [Common 17-55] 'set_property' expects at least one object. [/media/ad/Area51/workspace/col215_prac_lab/lab6/lab6_multiplier.xdc:41]
Resolution: If [get_<value>] was used to populate the object, check to make sure this command returns at least one valid object.
WARNING: [Vivado 12-584] No ports matched 'in1[5]'. [/media/ad/Area51/workspace/col215_prac_lab/lab6/lab6_multiplier.xdc:43]
CRITICAL WARNING: [Common 17-55] 'set_property' expects at least one object. [/media/ad/Area51/workspace/col215_prac_lab/lab6/lab6_multiplier.xdc:43]
Resolution: If [get_<value>] was used to populate the object, check to make sure this command returns at least one valid object.
WARNING: [Vivado 12-584] No ports matched 'in1[5]'. [/media/ad/Area51/workspace/col215_prac_lab/lab6/lab6_multiplier.xdc:44]
CRITICAL WARNING: [Common 17-55] 'set_property' expects at least one object. [/media/ad/Area51/workspace/col215_prac_lab/lab6/lab6_multiplier.xdc:44]
Resolution: If [get_<value>] was used to populate the object, check to make sure this command returns at least one valid object.
WARNING: [Vivado 12-584] No ports matched 'in1[4]'. [/media/ad/Area51/workspace/col215_prac_lab/lab6/lab6_multiplier.xdc:46]
CRITICAL WARNING: [Common 17-55] 'set_property' expects at least one object. [/media/ad/Area51/workspace/col215_prac_lab/lab6/lab6_multiplier.xdc:46]
Resolution: If [get_<value>] was used to populate the object, check to make sure this command returns at least one valid object.
WARNING: [Vivado 12-584] No ports matched 'in1[4]'. [/media/ad/Area51/workspace/col215_prac_lab/lab6/lab6_multiplier.xdc:47]
CRITICAL WARNING: [Common 17-55] 'set_property' expects at least one object. [/media/ad/Area51/workspace/col215_prac_lab/lab6/lab6_multiplier.xdc:47]
Resolution: If [get_<value>] was used to populate the object, check to make sure this command returns at least one valid object.
WARNING: [Vivado 12-584] No ports matched 'in1[3]'. [/media/ad/Area51/workspace/col215_prac_lab/lab6/lab6_multiplier.xdc:49]
CRITICAL WARNING: [Common 17-55] 'set_property' expects at least one object. [/media/ad/Area51/workspace/col215_prac_lab/lab6/lab6_multiplier.xdc:49]
Resolution: If [get_<value>] was used to populate the object, check to make sure this command returns at least one valid object.
WARNING: [Vivado 12-584] No ports matched 'in1[3]'. [/media/ad/Area51/workspace/col215_prac_lab/lab6/lab6_multiplier.xdc:50]
CRITICAL WARNING: [Common 17-55] 'set_property' expects at least one object. [/media/ad/Area51/workspace/col215_prac_lab/lab6/lab6_multiplier.xdc:50]
Resolution: If [get_<value>] was used to populate the object, check to make sure this command returns at least one valid object.
WARNING: [Vivado 12-584] No ports matched 'in1[2]'. [/media/ad/Area51/workspace/col215_prac_lab/lab6/lab6_multiplier.xdc:52]
CRITICAL WARNING: [Common 17-55] 'set_property' expects at least one object. [/media/ad/Area51/workspace/col215_prac_lab/lab6/lab6_multiplier.xdc:52]
Resolution: If [get_<value>] was used to populate the object, check to make sure this command returns at least one valid object.
WARNING: [Vivado 12-584] No ports matched 'in1[2]'. [/media/ad/Area51/workspace/col215_prac_lab/lab6/lab6_multiplier.xdc:53]
CRITICAL WARNING: [Common 17-55] 'set_property' expects at least one object. [/media/ad/Area51/workspace/col215_prac_lab/lab6/lab6_multiplier.xdc:53]
Resolution: If [get_<value>] was used to populate the object, check to make sure this command returns at least one valid object.
WARNING: [Vivado 12-584] No ports matched 'in1[1]'. [/media/ad/Area51/workspace/col215_prac_lab/lab6/lab6_multiplier.xdc:55]
CRITICAL WARNING: [Common 17-55] 'set_property' expects at least one object. [/media/ad/Area51/workspace/col215_prac_lab/lab6/lab6_multiplier.xdc:55]
Resolution: If [get_<value>] was used to populate the object, check to make sure this command returns at least one valid object.
WARNING: [Vivado 12-584] No ports matched 'in1[1]'. [/media/ad/Area51/workspace/col215_prac_lab/lab6/lab6_multiplier.xdc:56]
CRITICAL WARNING: [Common 17-55] 'set_property' expects at least one object. [/media/ad/Area51/workspace/col215_prac_lab/lab6/lab6_multiplier.xdc:56]
Resolution: If [get_<value>] was used to populate the object, check to make sure this command returns at least one valid object.
WARNING: [Vivado 12-584] No ports matched 'in1[0]'. [/media/ad/Area51/workspace/col215_prac_lab/lab6/lab6_multiplier.xdc:58]
CRITICAL WARNING: [Common 17-55] 'set_property' expects at least one object. [/media/ad/Area51/workspace/col215_prac_lab/lab6/lab6_multiplier.xdc:58]
Resolution: If [get_<value>] was used to populate the object, check to make sure this command returns at least one valid object.
WARNING: [Vivado 12-584] No ports matched 'in1[0]'. [/media/ad/Area51/workspace/col215_prac_lab/lab6/lab6_multiplier.xdc:59]
CRITICAL WARNING: [Common 17-55] 'set_property' expects at least one object. [/media/ad/Area51/workspace/col215_prac_lab/lab6/lab6_multiplier.xdc:59]
Resolution: If [get_<value>] was used to populate the object, check to make sure this command returns at least one valid object.
WARNING: [Vivado 12-584] No ports matched 'multiplier_select[1]'. [/media/ad/Area51/workspace/col215_prac_lab/lab6/lab6_multiplier.xdc:62]
CRITICAL WARNING: [Common 17-55] 'set_property' expects at least one object. [/media/ad/Area51/workspace/col215_prac_lab/lab6/lab6_multiplier.xdc:62]
Resolution: If [get_<value>] was used to populate the object, check to make sure this command returns at least one valid object.
WARNING: [Vivado 12-584] No ports matched 'multiplier_select[1]'. [/media/ad/Area51/workspace/col215_prac_lab/lab6/lab6_multiplier.xdc:63]
CRITICAL WARNING: [Common 17-55] 'set_property' expects at least one object. [/media/ad/Area51/workspace/col215_prac_lab/lab6/lab6_multiplier.xdc:63]
Resolution: If [get_<value>] was used to populate the object, check to make sure this command returns at least one valid object.
WARNING: [Vivado 12-584] No ports matched 'multiplier_select[0]'. [/media/ad/Area51/workspace/col215_prac_lab/lab6/lab6_multiplier.xdc:65]
CRITICAL WARNING: [Common 17-55] 'set_property' expects at least one object. [/media/ad/Area51/workspace/col215_prac_lab/lab6/lab6_multiplier.xdc:65]
Resolution: If [get_<value>] was used to populate the object, check to make sure this command returns at least one valid object.
WARNING: [Vivado 12-584] No ports matched 'multiplier_select[0]'. [/media/ad/Area51/workspace/col215_prac_lab/lab6/lab6_multiplier.xdc:66]
CRITICAL WARNING: [Common 17-55] 'set_property' expects at least one object. [/media/ad/Area51/workspace/col215_prac_lab/lab6/lab6_multiplier.xdc:66]
Resolution: If [get_<value>] was used to populate the object, check to make sure this command returns at least one valid object.
WARNING: [Vivado 12-584] No ports matched 'display_button'. [/media/ad/Area51/workspace/col215_prac_lab/lab6/lab6_multiplier.xdc:68]
CRITICAL WARNING: [Common 17-55] 'set_property' expects at least one object. [/media/ad/Area51/workspace/col215_prac_lab/lab6/lab6_multiplier.xdc:68]
Resolution: If [get_<value>] was used to populate the object, check to make sure this command returns at least one valid object.
WARNING: [Vivado 12-584] No ports matched 'display_button'. [/media/ad/Area51/workspace/col215_prac_lab/lab6/lab6_multiplier.xdc:69]
CRITICAL WARNING: [Common 17-55] 'set_property' expects at least one object. [/media/ad/Area51/workspace/col215_prac_lab/lab6/lab6_multiplier.xdc:69]
Resolution: If [get_<value>] was used to populate the object, check to make sure this command returns at least one valid object.
WARNING: [Vivado 12-584] No ports matched 'cathode[0]'. [/media/ad/Area51/workspace/col215_prac_lab/lab6/lab6_multiplier.xdc:72]
CRITICAL WARNING: [Common 17-55] 'set_property' expects at least one object. [/media/ad/Area51/workspace/col215_prac_lab/lab6/lab6_multiplier.xdc:72]
Resolution: If [get_<value>] was used to populate the object, check to make sure this command returns at least one valid object.
WARNING: [Vivado 12-584] No ports matched 'cathode[0]'. [/media/ad/Area51/workspace/col215_prac_lab/lab6/lab6_multiplier.xdc:73]
CRITICAL WARNING: [Common 17-55] 'set_property' expects at least one object. [/media/ad/Area51/workspace/col215_prac_lab/lab6/lab6_multiplier.xdc:73]
Resolution: If [get_<value>] was used to populate the object, check to make sure this command returns at least one valid object.
WARNING: [Vivado 12-584] No ports matched 'cathode[1]'. [/media/ad/Area51/workspace/col215_prac_lab/lab6/lab6_multiplier.xdc:75]
CRITICAL WARNING: [Common 17-55] 'set_property' expects at least one object. [/media/ad/Area51/workspace/col215_prac_lab/lab6/lab6_multiplier.xdc:75]
Resolution: If [get_<value>] was used to populate the object, check to make sure this command returns at least one valid object.
WARNING: [Vivado 12-584] No ports matched 'cathode[1]'. [/media/ad/Area51/workspace/col215_prac_lab/lab6/lab6_multiplier.xdc:76]
CRITICAL WARNING: [Common 17-55] 'set_property' expects at least one object. [/media/ad/Area51/workspace/col215_prac_lab/lab6/lab6_multiplier.xdc:76]
Resolution: If [get_<value>] was used to populate the object, check to make sure this command returns at least one valid object.
WARNING: [Vivado 12-584] No ports matched 'cathode[2]'. [/media/ad/Area51/workspace/col215_prac_lab/lab6/lab6_multiplier.xdc:78]
CRITICAL WARNING: [Common 17-55] 'set_property' expects at least one object. [/media/ad/Area51/workspace/col215_prac_lab/lab6/lab6_multiplier.xdc:78]
Resolution: If [get_<value>] was used to populate the object, check to make sure this command returns at least one valid object.
WARNING: [Vivado 12-584] No ports matched 'cathode[2]'. [/media/ad/Area51/workspace/col215_prac_lab/lab6/lab6_multiplier.xdc:79]
CRITICAL WARNING: [Common 17-55] 'set_property' expects at least one object. [/media/ad/Area51/workspace/col215_prac_lab/lab6/lab6_multiplier.xdc:79]
Resolution: If [get_<value>] was used to populate the object, check to make sure this command returns at least one valid object.
WARNING: [Vivado 12-584] No ports matched 'cathode[3]'. [/media/ad/Area51/workspace/col215_prac_lab/lab6/lab6_multiplier.xdc:81]
CRITICAL WARNING: [Common 17-55] 'set_property' expects at least one object. [/media/ad/Area51/workspace/col215_prac_lab/lab6/lab6_multiplier.xdc:81]
Resolution: If [get_<value>] was used to populate the object, check to make sure this command returns at least one valid object.
WARNING: [Vivado 12-584] No ports matched 'cathode[3]'. [/media/ad/Area51/workspace/col215_prac_lab/lab6/lab6_multiplier.xdc:82]
CRITICAL WARNING: [Common 17-55] 'set_property' expects at least one object. [/media/ad/Area51/workspace/col215_prac_lab/lab6/lab6_multiplier.xdc:82]
Resolution: If [get_<value>] was used to populate the object, check to make sure this command returns at least one valid object.
WARNING: [Vivado 12-584] No ports matched 'cathode[4]'. [/media/ad/Area51/workspace/col215_prac_lab/lab6/lab6_multiplier.xdc:84]
CRITICAL WARNING: [Common 17-55] 'set_property' expects at least one object. [/media/ad/Area51/workspace/col215_prac_lab/lab6/lab6_multiplier.xdc:84]
Resolution: If [get_<value>] was used to populate the object, check to make sure this command returns at least one valid object.
WARNING: [Vivado 12-584] No ports matched 'cathode[4]'. [/media/ad/Area51/workspace/col215_prac_lab/lab6/lab6_multiplier.xdc:85]
CRITICAL WARNING: [Common 17-55] 'set_property' expects at least one object. [/media/ad/Area51/workspace/col215_prac_lab/lab6/lab6_multiplier.xdc:85]
Resolution: If [get_<value>] was used to populate the object, check to make sure this command returns at least one valid object.
WARNING: [Vivado 12-584] No ports matched 'cathode[5]'. [/media/ad/Area51/workspace/col215_prac_lab/lab6/lab6_multiplier.xdc:87]
CRITICAL WARNING: [Common 17-55] 'set_property' expects at least one object. [/media/ad/Area51/workspace/col215_prac_lab/lab6/lab6_multiplier.xdc:87]
Resolution: If [get_<value>] was used to populate the object, check to make sure this command returns at least one valid object.
WARNING: [Vivado 12-584] No ports matched 'cathode[5]'. [/media/ad/Area51/workspace/col215_prac_lab/lab6/lab6_multiplier.xdc:88]
CRITICAL WARNING: [Common 17-55] 'set_property' expects at least one object. [/media/ad/Area51/workspace/col215_prac_lab/lab6/lab6_multiplier.xdc:88]
Resolution: If [get_<value>] was used to populate the object, check to make sure this command returns at least one valid object.
WARNING: [Vivado 12-584] No ports matched 'cathode[6]'. [/media/ad/Area51/workspace/col215_prac_lab/lab6/lab6_multiplier.xdc:90]
CRITICAL WARNING: [Common 17-55] 'set_property' expects at least one object. [/media/ad/Area51/workspace/col215_prac_lab/lab6/lab6_multiplier.xdc:90]
Resolution: If [get_<value>] was used to populate the object, check to make sure this command returns at least one valid object.
WARNING: [Vivado 12-584] No ports matched 'cathode[6]'. [/media/ad/Area51/workspace/col215_prac_lab/lab6/lab6_multiplier.xdc:91]
CRITICAL WARNING: [Common 17-55] 'set_property' expects at least one object. [/media/ad/Area51/workspace/col215_prac_lab/lab6/lab6_multiplier.xdc:91]
Resolution: If [get_<value>] was used to populate the object, check to make sure this command returns at least one valid object.
WARNING: [Vivado 12-584] No ports matched 'anode[0]'. [/media/ad/Area51/workspace/col215_prac_lab/lab6/lab6_multiplier.xdc:94]
CRITICAL WARNING: [Common 17-55] 'set_property' expects at least one object. [/media/ad/Area51/workspace/col215_prac_lab/lab6/lab6_multiplier.xdc:94]
Resolution: If [get_<value>] was used to populate the object, check to make sure this command returns at least one valid object.
WARNING: [Vivado 12-584] No ports matched 'anode[0]'. [/media/ad/Area51/workspace/col215_prac_lab/lab6/lab6_multiplier.xdc:95]
CRITICAL WARNING: [Common 17-55] 'set_property' expects at least one object. [/media/ad/Area51/workspace/col215_prac_lab/lab6/lab6_multiplier.xdc:95]
Resolution: If [get_<value>] was used to populate the object, check to make sure this command returns at least one valid object.
WARNING: [Vivado 12-584] No ports matched 'anode[1]'. [/media/ad/Area51/workspace/col215_prac_lab/lab6/lab6_multiplier.xdc:97]
CRITICAL WARNING: [Common 17-55] 'set_property' expects at least one object. [/media/ad/Area51/workspace/col215_prac_lab/lab6/lab6_multiplier.xdc:97]
Resolution: If [get_<value>] was used to populate the object, check to make sure this command returns at least one valid object.
WARNING: [Vivado 12-584] No ports matched 'anode[1]'. [/media/ad/Area51/workspace/col215_prac_lab/lab6/lab6_multiplier.xdc:98]
CRITICAL WARNING: [Common 17-55] 'set_property' expects at least one object. [/media/ad/Area51/workspace/col215_prac_lab/lab6/lab6_multiplier.xdc:98]
Resolution: If [get_<value>] was used to populate the object, check to make sure this command returns at least one valid object.
WARNING: [Vivado 12-584] No ports matched 'anode[2]'. [/media/ad/Area51/workspace/col215_prac_lab/lab6/lab6_multiplier.xdc:100]
CRITICAL WARNING: [Common 17-55] 'set_property' expects at least one object. [/media/ad/Area51/workspace/col215_prac_lab/lab6/lab6_multiplier.xdc:100]
Resolution: If [get_<value>] was used to populate the object, check to make sure this command returns at least one valid object.
WARNING: [Vivado 12-584] No ports matched 'anode[2]'. [/media/ad/Area51/workspace/col215_prac_lab/lab6/lab6_multiplier.xdc:101]
CRITICAL WARNING: [Common 17-55] 'set_property' expects at least one object. [/media/ad/Area51/workspace/col215_prac_lab/lab6/lab6_multiplier.xdc:101]
Resolution: If [get_<value>] was used to populate the object, check to make sure this command returns at least one valid object.
WARNING: [Vivado 12-584] No ports matched 'anode[3]'. [/media/ad/Area51/workspace/col215_prac_lab/lab6/lab6_multiplier.xdc:103]
CRITICAL WARNING: [Common 17-55] 'set_property' expects at least one object. [/media/ad/Area51/workspace/col215_prac_lab/lab6/lab6_multiplier.xdc:103]
Resolution: If [get_<value>] was used to populate the object, check to make sure this command returns at least one valid object.
WARNING: [Vivado 12-584] No ports matched 'anode[3]'. [/media/ad/Area51/workspace/col215_prac_lab/lab6/lab6_multiplier.xdc:104]
CRITICAL WARNING: [Common 17-55] 'set_property' expects at least one object. [/media/ad/Area51/workspace/col215_prac_lab/lab6/lab6_multiplier.xdc:104]
Resolution: If [get_<value>] was used to populate the object, check to make sure this command returns at least one valid object.
WARNING: [Vivado 12-584] No ports matched 'product[15]'. [/media/ad/Area51/workspace/col215_prac_lab/lab6/lab6_multiplier.xdc:108]
CRITICAL WARNING: [Common 17-55] 'set_property' expects at least one object. [/media/ad/Area51/workspace/col215_prac_lab/lab6/lab6_multiplier.xdc:108]
Resolution: If [get_<value>] was used to populate the object, check to make sure this command returns at least one valid object.
WARNING: [Vivado 12-584] No ports matched 'product[15]'. [/media/ad/Area51/workspace/col215_prac_lab/lab6/lab6_multiplier.xdc:109]
CRITICAL WARNING: [Common 17-55] 'set_property' expects at least one object. [/media/ad/Area51/workspace/col215_prac_lab/lab6/lab6_multiplier.xdc:109]
Resolution: If [get_<value>] was used to populate the object, check to make sure this command returns at least one valid object.
WARNING: [Vivado 12-584] No ports matched 'product[14]'. [/media/ad/Area51/workspace/col215_prac_lab/lab6/lab6_multiplier.xdc:111]
CRITICAL WARNING: [Common 17-55] 'set_property' expects at least one object. [/media/ad/Area51/workspace/col215_prac_lab/lab6/lab6_multiplier.xdc:111]
Resolution: If [get_<value>] was used to populate the object, check to make sure this command returns at least one valid object.
WARNING: [Vivado 12-584] No ports matched 'product[14]'. [/media/ad/Area51/workspace/col215_prac_lab/lab6/lab6_multiplier.xdc:112]
CRITICAL WARNING: [Common 17-55] 'set_property' expects at least one object. [/media/ad/Area51/workspace/col215_prac_lab/lab6/lab6_multiplier.xdc:112]
Resolution: If [get_<value>] was used to populate the object, check to make sure this command returns at least one valid object.
WARNING: [Vivado 12-584] No ports matched 'product[13]'. [/media/ad/Area51/workspace/col215_prac_lab/lab6/lab6_multiplier.xdc:114]
CRITICAL WARNING: [Common 17-55] 'set_property' expects at least one object. [/media/ad/Area51/workspace/col215_prac_lab/lab6/lab6_multiplier.xdc:114]
Resolution: If [get_<value>] was used to populate the object, check to make sure this command returns at least one valid object.
WARNING: [Vivado 12-584] No ports matched 'product[13]'. [/media/ad/Area51/workspace/col215_prac_lab/lab6/lab6_multiplier.xdc:115]
CRITICAL WARNING: [Common 17-55] 'set_property' expects at least one object. [/media/ad/Area51/workspace/col215_prac_lab/lab6/lab6_multiplier.xdc:115]
Resolution: If [get_<value>] was used to populate the object, check to make sure this command returns at least one valid object.
WARNING: [Vivado 12-584] No ports matched 'product[12]'. [/media/ad/Area51/workspace/col215_prac_lab/lab6/lab6_multiplier.xdc:117]
CRITICAL WARNING: [Common 17-55] 'set_property' expects at least one object. [/media/ad/Area51/workspace/col215_prac_lab/lab6/lab6_multiplier.xdc:117]
Resolution: If [get_<value>] was used to populate the object, check to make sure this command returns at least one valid object.
WARNING: [Vivado 12-584] No ports matched 'product[12]'. [/media/ad/Area51/workspace/col215_prac_lab/lab6/lab6_multiplier.xdc:118]
CRITICAL WARNING: [Common 17-55] 'set_property' expects at least one object. [/media/ad/Area51/workspace/col215_prac_lab/lab6/lab6_multiplier.xdc:118]
Resolution: If [get_<value>] was used to populate the object, check to make sure this command returns at least one valid object.
WARNING: [Vivado 12-584] No ports matched 'product[11]'. [/media/ad/Area51/workspace/col215_prac_lab/lab6/lab6_multiplier.xdc:120]
CRITICAL WARNING: [Common 17-55] 'set_property' expects at least one object. [/media/ad/Area51/workspace/col215_prac_lab/lab6/lab6_multiplier.xdc:120]
Resolution: If [get_<value>] was used to populate the object, check to make sure this command returns at least one valid object.
WARNING: [Vivado 12-584] No ports matched 'product[11]'. [/media/ad/Area51/workspace/col215_prac_lab/lab6/lab6_multiplier.xdc:121]
CRITICAL WARNING: [Common 17-55] 'set_property' expects at least one object. [/media/ad/Area51/workspace/col215_prac_lab/lab6/lab6_multiplier.xdc:121]
Resolution: If [get_<value>] was used to populate the object, check to make sure this command returns at least one valid object.
WARNING: [Vivado 12-584] No ports matched 'product[10]'. [/media/ad/Area51/workspace/col215_prac_lab/lab6/lab6_multiplier.xdc:123]
CRITICAL WARNING: [Common 17-55] 'set_property' expects at least one object. [/media/ad/Area51/workspace/col215_prac_lab/lab6/lab6_multiplier.xdc:123]
Resolution: If [get_<value>] was used to populate the object, check to make sure this command returns at least one valid object.
WARNING: [Vivado 12-584] No ports matched 'product[10]'. [/media/ad/Area51/workspace/col215_prac_lab/lab6/lab6_multiplier.xdc:124]
CRITICAL WARNING: [Common 17-55] 'set_property' expects at least one object. [/media/ad/Area51/workspace/col215_prac_lab/lab6/lab6_multiplier.xdc:124]
Resolution: If [get_<value>] was used to populate the object, check to make sure this command returns at least one valid object.
WARNING: [Vivado 12-584] No ports matched 'product[9]'. [/media/ad/Area51/workspace/col215_prac_lab/lab6/lab6_multiplier.xdc:126]
CRITICAL WARNING: [Common 17-55] 'set_property' expects at least one object. [/media/ad/Area51/workspace/col215_prac_lab/lab6/lab6_multiplier.xdc:126]
Resolution: If [get_<value>] was used to populate the object, check to make sure this command returns at least one valid object.
WARNING: [Vivado 12-584] No ports matched 'product[9]'. [/media/ad/Area51/workspace/col215_prac_lab/lab6/lab6_multiplier.xdc:127]
CRITICAL WARNING: [Common 17-55] 'set_property' expects at least one object. [/media/ad/Area51/workspace/col215_prac_lab/lab6/lab6_multiplier.xdc:127]
Resolution: If [get_<value>] was used to populate the object, check to make sure this command returns at least one valid object.
WARNING: [Vivado 12-584] No ports matched 'product[8]'. [/media/ad/Area51/workspace/col215_prac_lab/lab6/lab6_multiplier.xdc:129]
CRITICAL WARNING: [Common 17-55] 'set_property' expects at least one object. [/media/ad/Area51/workspace/col215_prac_lab/lab6/lab6_multiplier.xdc:129]
Resolution: If [get_<value>] was used to populate the object, check to make sure this command returns at least one valid object.
WARNING: [Vivado 12-584] No ports matched 'product[8]'. [/media/ad/Area51/workspace/col215_prac_lab/lab6/lab6_multiplier.xdc:130]
CRITICAL WARNING: [Common 17-55] 'set_property' expects at least one object. [/media/ad/Area51/workspace/col215_prac_lab/lab6/lab6_multiplier.xdc:130]
Resolution: If [get_<value>] was used to populate the object, check to make sure this command returns at least one valid object.
WARNING: [Vivado 12-584] No ports matched 'product[7]'. [/media/ad/Area51/workspace/col215_prac_lab/lab6/lab6_multiplier.xdc:132]
CRITICAL WARNING: [Common 17-55] 'set_property' expects at least one object. [/media/ad/Area51/workspace/col215_prac_lab/lab6/lab6_multiplier.xdc:132]
Resolution: If [get_<value>] was used to populate the object, check to make sure this command returns at least one valid object.
WARNING: [Vivado 12-584] No ports matched 'product[7]'. [/media/ad/Area51/workspace/col215_prac_lab/lab6/lab6_multiplier.xdc:133]
CRITICAL WARNING: [Common 17-55] 'set_property' expects at least one object. [/media/ad/Area51/workspace/col215_prac_lab/lab6/lab6_multiplier.xdc:133]
Resolution: If [get_<value>] was used to populate the object, check to make sure this command returns at least one valid object.
WARNING: [Vivado 12-584] No ports matched 'product[6]'. [/media/ad/Area51/workspace/col215_prac_lab/lab6/lab6_multiplier.xdc:135]
CRITICAL WARNING: [Common 17-55] 'set_property' expects at least one object. [/media/ad/Area51/workspace/col215_prac_lab/lab6/lab6_multiplier.xdc:135]
Resolution: If [get_<value>] was used to populate the object, check to make sure this command returns at least one valid object.
WARNING: [Vivado 12-584] No ports matched 'product[6]'. [/media/ad/Area51/workspace/col215_prac_lab/lab6/lab6_multiplier.xdc:136]
CRITICAL WARNING: [Common 17-55] 'set_property' expects at least one object. [/media/ad/Area51/workspace/col215_prac_lab/lab6/lab6_multiplier.xdc:136]
Resolution: If [get_<value>] was used to populate the object, check to make sure this command returns at least one valid object.
WARNING: [Vivado 12-584] No ports matched 'product[5]'. [/media/ad/Area51/workspace/col215_prac_lab/lab6/lab6_multiplier.xdc:138]
CRITICAL WARNING: [Common 17-55] 'set_property' expects at least one object. [/media/ad/Area51/workspace/col215_prac_lab/lab6/lab6_multiplier.xdc:138]
Resolution: If [get_<value>] was used to populate the object, check to make sure this command returns at least one valid object.
WARNING: [Vivado 12-584] No ports matched 'product[5]'. [/media/ad/Area51/workspace/col215_prac_lab/lab6/lab6_multiplier.xdc:139]
CRITICAL WARNING: [Common 17-55] 'set_property' expects at least one object. [/media/ad/Area51/workspace/col215_prac_lab/lab6/lab6_multiplier.xdc:139]
Resolution: If [get_<value>] was used to populate the object, check to make sure this command returns at least one valid object.
WARNING: [Vivado 12-584] No ports matched 'product[4]'. [/media/ad/Area51/workspace/col215_prac_lab/lab6/lab6_multiplier.xdc:141]
CRITICAL WARNING: [Common 17-55] 'set_property' expects at least one object. [/media/ad/Area51/workspace/col215_prac_lab/lab6/lab6_multiplier.xdc:141]
Resolution: If [get_<value>] was used to populate the object, check to make sure this command returns at least one valid object.
WARNING: [Vivado 12-584] No ports matched 'product[4]'. [/media/ad/Area51/workspace/col215_prac_lab/lab6/lab6_multiplier.xdc:142]
CRITICAL WARNING: [Common 17-55] 'set_property' expects at least one object. [/media/ad/Area51/workspace/col215_prac_lab/lab6/lab6_multiplier.xdc:142]
Resolution: If [get_<value>] was used to populate the object, check to make sure this command returns at least one valid object.
WARNING: [Vivado 12-584] No ports matched 'product[3]'. [/media/ad/Area51/workspace/col215_prac_lab/lab6/lab6_multiplier.xdc:144]
CRITICAL WARNING: [Common 17-55] 'set_property' expects at least one object. [/media/ad/Area51/workspace/col215_prac_lab/lab6/lab6_multiplier.xdc:144]
Resolution: If [get_<value>] was used to populate the object, check to make sure this command returns at least one valid object.
WARNING: [Vivado 12-584] No ports matched 'product[3]'. [/media/ad/Area51/workspace/col215_prac_lab/lab6/lab6_multiplier.xdc:145]
CRITICAL WARNING: [Common 17-55] 'set_property' expects at least one object. [/media/ad/Area51/workspace/col215_prac_lab/lab6/lab6_multiplier.xdc:145]
Resolution: If [get_<value>] was used to populate the object, check to make sure this command returns at least one valid object.
WARNING: [Vivado 12-584] No ports matched 'product[2]'. [/media/ad/Area51/workspace/col215_prac_lab/lab6/lab6_multiplier.xdc:147]
CRITICAL WARNING: [Common 17-55] 'set_property' expects at least one object. [/media/ad/Area51/workspace/col215_prac_lab/lab6/lab6_multiplier.xdc:147]
Resolution: If [get_<value>] was used to populate the object, check to make sure this command returns at least one valid object.
WARNING: [Vivado 12-584] No ports matched 'product[2]'. [/media/ad/Area51/workspace/col215_prac_lab/lab6/lab6_multiplier.xdc:148]
CRITICAL WARNING: [Common 17-55] 'set_property' expects at least one object. [/media/ad/Area51/workspace/col215_prac_lab/lab6/lab6_multiplier.xdc:148]
Resolution: If [get_<value>] was used to populate the object, check to make sure this command returns at least one valid object.
WARNING: [Vivado 12-584] No ports matched 'product[1]'. [/media/ad/Area51/workspace/col215_prac_lab/lab6/lab6_multiplier.xdc:150]
CRITICAL WARNING: [Common 17-55] 'set_property' expects at least one object. [/media/ad/Area51/workspace/col215_prac_lab/lab6/lab6_multiplier.xdc:150]
Resolution: If [get_<value>] was used to populate the object, check to make sure this command returns at least one valid object.
WARNING: [Vivado 12-584] No ports matched 'product[1]'. [/media/ad/Area51/workspace/col215_prac_lab/lab6/lab6_multiplier.xdc:151]
CRITICAL WARNING: [Common 17-55] 'set_property' expects at least one object. [/media/ad/Area51/workspace/col215_prac_lab/lab6/lab6_multiplier.xdc:151]
Resolution: If [get_<value>] was used to populate the object, check to make sure this command returns at least one valid object.
WARNING: [Vivado 12-584] No ports matched 'product[0]'. [/media/ad/Area51/workspace/col215_prac_lab/lab6/lab6_multiplier.xdc:153]
CRITICAL WARNING: [Common 17-55] 'set_property' expects at least one object. [/media/ad/Area51/workspace/col215_prac_lab/lab6/lab6_multiplier.xdc:153]
Resolution: If [get_<value>] was used to populate the object, check to make sure this command returns at least one valid object.
WARNING: [Vivado 12-584] No ports matched 'product[0]'. [/media/ad/Area51/workspace/col215_prac_lab/lab6/lab6_multiplier.xdc:154]
CRITICAL WARNING: [Common 17-55] 'set_property' expects at least one object. [/media/ad/Area51/workspace/col215_prac_lab/lab6/lab6_multiplier.xdc:154]
Resolution: If [get_<value>] was used to populate the object, check to make sure this command returns at least one valid object.
CRITICAL WARNING: [Designutils 20-1307] Command '//' is not supported in the xdc constraint file. [/media/ad/Area51/workspace/col215_prac_lab/lab6/lab6_multiplier.xdc:155]
Finished Parsing XDC File [/media/ad/Area51/workspace/col215_prac_lab/lab6/lab6_multiplier.xdc]
Completed Processing XDC Constraints

INFO: [Project 1-111] Unisim Transformation Summary:
No Unisim elements were transformed.

Constraint Validation Runtime : Time (s): cpu = 00:00:00.01 ; elapsed = 00:00:00.01 . Memory (MB): peak = 1387.418 ; gain = 0.000 ; free physical = 241 ; free virtual = 10127
---------------------------------------------------------------------------------
Finished Constraint Validation : Time (s): cpu = 00:00:13 ; elapsed = 00:00:13 . Memory (MB): peak = 1387.418 ; gain = 456.949 ; free physical = 239 ; free virtual = 10126
---------------------------------------------------------------------------------
---------------------------------------------------------------------------------
Start Loading Part and Timing Information
---------------------------------------------------------------------------------
Loading part: xc7a35tcpg236-1
---------------------------------------------------------------------------------
Finished Loading Part and Timing Information : Time (s): cpu = 00:00:13 ; elapsed = 00:00:13 . Memory (MB): peak = 1387.418 ; gain = 456.949 ; free physical = 239 ; free virtual = 10126
---------------------------------------------------------------------------------
---------------------------------------------------------------------------------
Start Applying 'set_property' XDC Constraints
---------------------------------------------------------------------------------
---------------------------------------------------------------------------------
Finished applying 'set_property' XDC Constraints : Time (s): cpu = 00:00:13 ; elapsed = 00:00:13 . Memory (MB): peak = 1387.418 ; gain = 456.949 ; free physical = 239 ; free virtual = 10126
---------------------------------------------------------------------------------
---------------------------------------------------------------------------------
Finished RTL Optimization Phase 2 : Time (s): cpu = 00:00:13 ; elapsed = 00:00:14 . Memory (MB): peak = 1387.418 ; gain = 456.949 ; free physical = 231 ; free virtual = 10117
---------------------------------------------------------------------------------

Report RTL Partitions: 
+-+--------------+------------+----------+
| |RTL Partition |Replication |Instances |
+-+--------------+------------+----------+
+-+--------------+------------+----------+
---------------------------------------------------------------------------------
Start RTL Component Statistics 
---------------------------------------------------------------------------------
Detailed RTL Component Info : 
+---XORs : 
	   3 Input      1 Bit         XORs := 56    
---------------------------------------------------------------------------------
Finished RTL Component Statistics 
---------------------------------------------------------------------------------
---------------------------------------------------------------------------------
Start RTL Hierarchical Component Statistics 
---------------------------------------------------------------------------------
Hierarchical RTL Component report 
Module full_adder 
Detailed RTL Component Info : 
+---XORs : 
	   3 Input      1 Bit         XORs := 1     
---------------------------------------------------------------------------------
Finished RTL Hierarchical Component Statistics
---------------------------------------------------------------------------------
---------------------------------------------------------------------------------
Start Part Resource Summary
---------------------------------------------------------------------------------
Part Resources:
DSPs: 90 (col length:60)
BRAMs: 100 (col length: RAMB18 60 RAMB36 30)
---------------------------------------------------------------------------------
Finished Part Resource Summary
---------------------------------------------------------------------------------
---------------------------------------------------------------------------------
Start Cross Boundary and Area Optimization
---------------------------------------------------------------------------------
---------------------------------------------------------------------------------
Finished Cross Boundary and Area Optimization : Time (s): cpu = 00:00:17 ; elapsed = 00:00:18 . Memory (MB): peak = 1387.418 ; gain = 456.949 ; free physical = 208 ; free virtual = 10095
---------------------------------------------------------------------------------

Report RTL Partitions: 
+-+--------------+------------+----------+
| |RTL Partition |Replication |Instances |
+-+--------------+------------+----------+
+-+--------------+------------+----------+
---------------------------------------------------------------------------------
Start Timing Optimization
---------------------------------------------------------------------------------
---------------------------------------------------------------------------------
Start Applying XDC Timing Constraints
---------------------------------------------------------------------------------
---------------------------------------------------------------------------------
Finished Applying XDC Timing Constraints : Time (s): cpu = 00:00:23 ; elapsed = 00:00:24 . Memory (MB): peak = 1389.418 ; gain = 458.949 ; free physical = 142 ; free virtual = 10028
---------------------------------------------------------------------------------
---------------------------------------------------------------------------------
Finished Timing Optimization : Time (s): cpu = 00:00:23 ; elapsed = 00:00:24 . Memory (MB): peak = 1389.418 ; gain = 458.949 ; free physical = 142 ; free virtual = 10028
---------------------------------------------------------------------------------

Report RTL Partitions: 
+-+--------------+------------+----------+
| |RTL Partition |Replication |Instances |
+-+--------------+------------+----------+
+-+--------------+------------+----------+
---------------------------------------------------------------------------------
Start Technology Mapping
---------------------------------------------------------------------------------
---------------------------------------------------------------------------------
Finished Technology Mapping : Time (s): cpu = 00:00:23 ; elapsed = 00:00:24 . Memory (MB): peak = 1407.441 ; gain = 476.973 ; free physical = 129 ; free virtual = 10015
---------------------------------------------------------------------------------

Report RTL Partitions: 
+-+--------------+------------+----------+
| |RTL Partition |Replication |Instances |
+-+--------------+------------+----------+
+-+--------------+------------+----------+
---------------------------------------------------------------------------------
Start IO Insertion
---------------------------------------------------------------------------------
---------------------------------------------------------------------------------
Start Flattening Before IO Insertion
---------------------------------------------------------------------------------
---------------------------------------------------------------------------------
Finished Flattening Before IO Insertion
---------------------------------------------------------------------------------
---------------------------------------------------------------------------------
Start Final Netlist Cleanup
---------------------------------------------------------------------------------
---------------------------------------------------------------------------------
Finished Final Netlist Cleanup
---------------------------------------------------------------------------------
---------------------------------------------------------------------------------
Finished IO Insertion : Time (s): cpu = 00:00:24 ; elapsed = 00:00:24 . Memory (MB): peak = 1407.441 ; gain = 476.973 ; free physical = 128 ; free virtual = 10014
---------------------------------------------------------------------------------

Report Check Netlist: 
+------+------------------+-------+---------+-------+------------------+
|      |Item              |Errors |Warnings |Status |Description       |
+------+------------------+-------+---------+-------+------------------+
|1     |multi_driven_nets |      0|        0|Passed |Multi driven nets |
+------+------------------+-------+---------+-------+------------------+
---------------------------------------------------------------------------------
Start Renaming Generated Instances
---------------------------------------------------------------------------------
---------------------------------------------------------------------------------
Finished Renaming Generated Instances : Time (s): cpu = 00:00:24 ; elapsed = 00:00:24 . Memory (MB): peak = 1407.441 ; gain = 476.973 ; free physical = 128 ; free virtual = 10014
---------------------------------------------------------------------------------

Report RTL Partitions: 
+-+--------------+------------+----------+
| |RTL Partition |Replication |Instances |
+-+--------------+------------+----------+
+-+--------------+------------+----------+
---------------------------------------------------------------------------------
Start Rebuilding User Hierarchy
---------------------------------------------------------------------------------
---------------------------------------------------------------------------------
Finished Rebuilding User Hierarchy : Time (s): cpu = 00:00:24 ; elapsed = 00:00:24 . Memory (MB): peak = 1407.441 ; gain = 476.973 ; free physical = 128 ; free virtual = 10014
---------------------------------------------------------------------------------
---------------------------------------------------------------------------------
Start Renaming Generated Ports
---------------------------------------------------------------------------------
---------------------------------------------------------------------------------
Finished Renaming Generated Ports : Time (s): cpu = 00:00:24 ; elapsed = 00:00:24 . Memory (MB): peak = 1407.441 ; gain = 476.973 ; free physical = 128 ; free virtual = 10014
---------------------------------------------------------------------------------
---------------------------------------------------------------------------------
Start Handling Custom Attributes
---------------------------------------------------------------------------------
---------------------------------------------------------------------------------
Finished Handling Custom Attributes : Time (s): cpu = 00:00:24 ; elapsed = 00:00:24 . Memory (MB): peak = 1407.441 ; gain = 476.973 ; free physical = 128 ; free virtual = 10014
---------------------------------------------------------------------------------
---------------------------------------------------------------------------------
Start Renaming Generated Nets
---------------------------------------------------------------------------------
---------------------------------------------------------------------------------
Finished Renaming Generated Nets : Time (s): cpu = 00:00:24 ; elapsed = 00:00:24 . Memory (MB): peak = 1407.441 ; gain = 476.973 ; free physical = 128 ; free virtual = 10014
---------------------------------------------------------------------------------
---------------------------------------------------------------------------------
Start Writing Synthesis Report
---------------------------------------------------------------------------------

Report BlackBoxes: 
+-+--------------+----------+
| |BlackBox name |Instances |
+-+--------------+----------+
+-+--------------+----------+

Report Cell Usage: 
+------+-----+------+
|      |Cell |Count |
+------+-----+------+
|1     |LUT2 |    18|
|2     |LUT3 |     4|
|3     |LUT4 |    27|
|4     |LUT5 |    16|
|5     |LUT6 |    50|
|6     |IBUF |    16|
|7     |OBUF |    16|
+------+-----+------+

Report Instance Areas: 
+------+---------+-------+------+
|      |Instance |Module |Cells |
+------+---------+-------+------+
|1     |top      |       |   147|
+------+---------+-------+------+
---------------------------------------------------------------------------------
Finished Writing Synthesis Report : Time (s): cpu = 00:00:24 ; elapsed = 00:00:24 . Memory (MB): peak = 1407.441 ; gain = 476.973 ; free physical = 128 ; free virtual = 10014
---------------------------------------------------------------------------------
Synthesis finished with 0 errors, 0 critical warnings and 0 warnings.
Synthesis Optimization Runtime : Time (s): cpu = 00:00:18 ; elapsed = 00:00:18 . Memory (MB): peak = 1407.441 ; gain = 106.488 ; free physical = 128 ; free virtual = 10014
Synthesis Optimization Complete : Time (s): cpu = 00:00:24 ; elapsed = 00:00:24 . Memory (MB): peak = 1407.449 ; gain = 476.980 ; free physical = 128 ; free virtual = 10014
INFO: [Project 1-571] Translating synthesized netlist
INFO: [Netlist 29-17] Analyzing 16 Unisim elements for replacement
INFO: [Netlist 29-28] Unisim Transformation completed in 0 CPU seconds
INFO: [Project 1-570] Preparing netlist for logic optimization
INFO: [Opt 31-138] Pushed 0 inverter(s) to 0 load pin(s).
INFO: [Project 1-111] Unisim Transformation Summary:
No Unisim elements were transformed.

INFO: [Common 17-83] Releasing license: Synthesis
72 Infos, 95 Warnings, 97 Critical Warnings and 0 Errors encountered.
synth_design completed successfully
synth_design: Time (s): cpu = 00:00:23 ; elapsed = 00:00:23 . Memory (MB): peak = 1408.441 ; gain = 408.457 ; free physical = 126 ; free virtual = 10011
INFO: [Common 17-1381] The checkpoint '/media/ad/Area51/workspace/col215_prac_lab/vivado/lab6/lab6.runs/synth_1/cla_adder_8.dcp' has been generated.
report_utilization: Time (s): cpu = 00:00:00.07 ; elapsed = 00:00:00.34 . Memory (MB): peak = 1432.453 ; gain = 0.000 ; free physical = 160 ; free virtual = 9997
INFO: [Common 17-206] Exiting Vivado at Fri Sep 22 15:09:16 2017...
