Copyright 1986-2016 Xilinx, Inc. All Rights Reserved.
------------------------------------------------------------------------------------------
| Tool Version : Vivado v.2016.4 (lin64) Build 1756540 Mon Jan 23 19:11:19 MST 2017
| Date         : Wed Nov  8 17:03:20 2017
| Host         : ad-ubuntu running 64-bit Ubuntu 16.04.3 LTS
| Command      : report_control_sets -verbose -file digit_display_control_sets_placed.rpt
| Design       : digit_display
| Device       : xc7a35t
------------------------------------------------------------------------------------------

Control Set Information

Table of Contents
-----------------
1. Summary
2. Flip-Flop Distribution
3. Detailed Control Set Information

1. Summary
----------

+----------------------------------------------------------+-------+
|                          Status                          | Count |
+----------------------------------------------------------+-------+
| Number of unique control sets                            |     6 |
| Unused register locations in slices containing registers |    29 |
+----------------------------------------------------------+-------+


2. Flip-Flop Distribution
-------------------------

+--------------+-----------------------+------------------------+-----------------+--------------+
| Clock Enable | Synchronous Set/Reset | Asynchronous Set/Reset | Total Registers | Total Slices |
+--------------+-----------------------+------------------------+-----------------+--------------+
| No           | No                    | No                     |               4 |            2 |
| No           | No                    | Yes                    |               0 |            0 |
| No           | Yes                   | No                     |              24 |            7 |
| Yes          | No                    | No                     |               7 |            7 |
| Yes          | No                    | Yes                    |               0 |            0 |
| Yes          | Yes                   | No                     |               0 |            0 |
+--------------+-----------------------+------------------------+-----------------+--------------+


3. Detailed Control Set Information
-----------------------------------

+----------------+-----------------+------------------+------------------+----------------+
|  Clock Signal  |  Enable Signal  | Set/Reset Signal | Slice Load Count | Bel Load Count |
+----------------+-----------------+------------------+------------------+----------------+
|  clk_IBUF_BUFG |                 |                  |                1 |              1 |
|  clock         |                 | flag[1]          |                1 |              2 |
|  clock         |                 | flag[2]          |                1 |              2 |
|  clock         |                 |                  |                1 |              3 |
|  clock         | cath[6]_i_1_n_0 |                  |                7 |              7 |
|  clk_IBUF_BUFG |                 | clear            |                5 |             20 |
+----------------+-----------------+------------------+------------------+----------------+


+--------+-----------------------+
| Fanout | Number of ControlSets |
+--------+-----------------------+
| 1      |                     1 |
| 2      |                     2 |
| 3      |                     1 |
| 7      |                     1 |
| 16+    |                     1 |
+--------+-----------------------+


