Copyright 1986-2016 Xilinx, Inc. All Rights Reserved.
------------------------------------------------------------------------------------------------------------------------------------------
| Tool Version : Vivado v.2016.4 (lin64) Build 1756540 Mon Jan 23 19:11:19 MST 2017
| Date         : Sat Oct 21 17:13:09 2017
| Host         : ad-ubuntu running 64-bit Ubuntu 16.04.3 LTS
| Command      : report_drc -file lift1_controller_drc_routed.rpt -pb lift1_controller_drc_routed.pb -rpx lift1_controller_drc_routed.rpx
| Design       : lift1_controller
| Device       : xc7a35tcpg236-1
| Speed File   : -1
| Design State : Routed
------------------------------------------------------------------------------------------------------------------------------------------

Report DRC

Table of Contents
-----------------
1. REPORT SUMMARY
2. REPORT DETAILS

1. REPORT SUMMARY
-----------------
            Netlist: netlist
          Floorplan: design_1
      Design limits: <entire design considered>
           Ruledeck: default
             Max violations: <unlimited>
             Violations found: 2
+----------+----------+-------------------+------------+
| Rule     | Severity | Description       | Violations |
+----------+----------+-------------------+------------+
| PDRC-153 | Warning  | Gated clock check | 2          |
+----------+----------+-------------------+------------+

2. REPORT DETAILS
-----------------
PDRC-153#1 Warning
Gated clock check  
Net l1_status_reg[0]/G0 is a gated clock net sourced by a combinational pin l1_status_reg[0]/L3_2/O, cell l1_status_reg[0]/L3_2 (in l1_status_reg[0] macro). This is not good design practice and will likely impact performance. For SLICE registers, for example, use the CE pin to control the loading of data.
Related violations: <none>

PDRC-153#2 Warning
Gated clock check  
Net l1_status_reg[1]/G0 is a gated clock net sourced by a combinational pin l1_status_reg[1]/L3_2/O, cell l1_status_reg[1]/L3_2 (in l1_status_reg[1] macro). This is not good design practice and will likely impact performance. For SLICE registers, for example, use the CE pin to control the loading of data.
Related violations: <none>


