Copyright 1986-2016 Xilinx, Inc. All Rights Reserved.
---------------------------------------------------------------------------------------------------------------------------------------
| Tool Version : Vivado v.2016.4 (lin64) Build 1756540 Mon Jan 23 19:11:19 MST 2017
| Date         : Sat Oct 21 17:39:37 2017
| Host         : ad-ubuntu running 64-bit Ubuntu 16.04.3 LTS
| Command      : report_methodology -file lift1_controller_methodology_drc_routed.rpt -rpx lift1_controller_methodology_drc_routed.rpx
| Design       : lift1_controller
| Device       : xc7a35tcpg236-1
| Speed File   : -1
| Design State : Routed
---------------------------------------------------------------------------------------------------------------------------------------

Report Methodology

Table of Contents
-----------------
1. REPORT SUMMARY
2. REPORT DETAILS

1. REPORT SUMMARY
-----------------
            Netlist: netlist
          Floorplan: design_1
      Design limits: <entire design considered>
             Max violations: <unlimited>
             Violations found: 19
+-----------+----------+-------------------------------+------------+
| Rule      | Severity | Description                   | Violations |
+-----------+----------+-------------------------------+------------+
| TIMING-18 | Warning  | Missing input or output delay | 17         |
| TIMING-20 | Warning  | Non-clocked latch             | 2          |
+-----------+----------+-------------------------------+------------+

2. REPORT DETAILS
-----------------
TIMING-18#1 Warning
Missing input or output delay  
An input delay is missing on door_close relative to clock(s) sys_clk_pin 
Related violations: <none>

TIMING-18#2 Warning
Missing input or output delay  
An input delay is missing on door_open relative to clock(s) sys_clk_pin 
Related violations: <none>

TIMING-18#3 Warning
Missing input or output delay  
An input delay is missing on lift1_floor[0] relative to clock(s) sys_clk_pin 
Related violations: <none>

TIMING-18#4 Warning
Missing input or output delay  
An input delay is missing on lift1_floor[1] relative to clock(s) sys_clk_pin 
Related violations: <none>

TIMING-18#5 Warning
Missing input or output delay  
An input delay is missing on lift1_floor[2] relative to clock(s) sys_clk_pin 
Related violations: <none>

TIMING-18#6 Warning
Missing input or output delay  
An input delay is missing on lift1_floor[3] relative to clock(s) sys_clk_pin 
Related violations: <none>

TIMING-18#7 Warning
Missing input or output delay  
An input delay is missing on received_request[0] relative to clock(s) sys_clk_pin 
Related violations: <none>

TIMING-18#8 Warning
Missing input or output delay  
An input delay is missing on received_request[1] relative to clock(s) sys_clk_pin 
Related violations: <none>

TIMING-18#9 Warning
Missing input or output delay  
An input delay is missing on received_request[2] relative to clock(s) sys_clk_pin 
Related violations: <none>

TIMING-18#10 Warning
Missing input or output delay  
An input delay is missing on received_request[3] relative to clock(s) sys_clk_pin 
Related violations: <none>

TIMING-18#11 Warning
Missing input or output delay  
An input delay is missing on reset relative to clock(s) sys_clk_pin 
Related violations: <none>

TIMING-18#12 Warning
Missing input or output delay  
An output delay is missing on l1_currentfloor[0] relative to clock(s) sys_clk_pin 
Related violations: <none>

TIMING-18#13 Warning
Missing input or output delay  
An output delay is missing on l1_currentfloor[1] relative to clock(s) sys_clk_pin 
Related violations: <none>

TIMING-18#14 Warning
Missing input or output delay  
An output delay is missing on lift1_floor_indicator[0] relative to clock(s) sys_clk_pin 
Related violations: <none>

TIMING-18#15 Warning
Missing input or output delay  
An output delay is missing on lift1_floor_indicator[1] relative to clock(s) sys_clk_pin 
Related violations: <none>

TIMING-18#16 Warning
Missing input or output delay  
An output delay is missing on lift1_floor_indicator[2] relative to clock(s) sys_clk_pin 
Related violations: <none>

TIMING-18#17 Warning
Missing input or output delay  
An output delay is missing on lift1_floor_indicator[3] relative to clock(s) sys_clk_pin 
Related violations: <none>

TIMING-20#1 Warning
Non-clocked latch  
The latch l1_status_reg[0]/L7 (in l1_status_reg[0] macro) cannot be properly analyzed as its control pin l1_status_reg[0]/L7/G is not reached by a timing clock
Related violations: <none>

TIMING-20#2 Warning
Non-clocked latch  
The latch l1_status_reg[1]/L7 (in l1_status_reg[1] macro) cannot be properly analyzed as its control pin l1_status_reg[1]/L7/G is not reached by a timing clock
Related violations: <none>


