Copyright 1986-2016 Xilinx, Inc. All Rights Reserved.
------------------------------------------------------------------------------------
| Tool Version : Vivado v.2016.4 (lin64) Build 1756540 Mon Jan 23 19:11:19 MST 2017
| Date         : Fri Oct 13 17:12:46 2017
| Host         : ad-ubuntu running 64-bit Ubuntu 16.04.3 LTS
| Command      : report_drc -file lab8_elevator_control_drc_opted.rpt
| Design       : lab8_elevator_control
| Device       : xc7a35tcpg236-1
| Speed File   : -1
| Design State : Synthesized
------------------------------------------------------------------------------------

Report DRC

Table of Contents
-----------------
1. REPORT SUMMARY
2. REPORT DETAILS

1. REPORT SUMMARY
-----------------
            Netlist: netlist
          Floorplan: design_1
      Design limits: <entire design considered>
           Ruledeck: default
             Max violations: <unlimited>
             Violations found: 1
+---------+------------------+--------------------------+------------+
| Rule    | Severity         | Description              | Violations |
+---------+------------------+--------------------------+------------+
| LUTLP-1 | Critical Warning | Combinatorial Loop Alert | 1          |
+---------+------------------+--------------------------+------------+

2. REPORT DETAILS
-----------------
LUTLP-1#1 Critical Warning
Combinatorial Loop Alert  
1 LUT cells form a combinatorial loop. This can create a race condition. Timing analysis may not be accurate. The preferred resolution is to modify the design to remove combinatorial logic loops. If the loop is known and understood, this DRC can be bypassed by acknowledging the condition and setting the following XDC constraint on any net in the loop: 'set_property ALLOW_COMBINATORIAL_LOOPS TRUE [net_nets <myHier/myNet>'. The cells in the loop are: up_request_indicator_OBUF[0]_inst_i_1.
Related violations: <none>


