
*** Running vivado
    with args -log cordic_0.vds -m64 -product Vivado -mode batch -messageDb vivado.pb -notrace -source cordic_0.tcl

awk: symbol lookup error: awk: undefined symbol: mpfr_z_sub

****** Vivado v2016.4 (64-bit)
  **** SW Build 1756540 on Mon Jan 23 19:11:19 MST 2017
  **** IP Build 1755317 on Mon Jan 23 20:30:07 MST 2017
    ** Copyright 1986-2016 Xilinx, Inc. All Rights Reserved.

source cordic_0.tcl -notrace
awk: symbol lookup error: awk: undefined symbol: mpfr_z_sub
Starting RTL Elaboration : Time (s): cpu = 00:00:06 ; elapsed = 00:00:07 . Memory (MB): peak = 1065.574 ; gain = 135.098 ; free physical = 126 ; free virtual = 10203
INFO: [Synth 8-638] synthesizing module 'cordic_0' [/media/ad/Area51/workspace/col215_prac_lab/vivado/project_1/project_1.srcs/sources_1/ip/cordic_0/synth/cordic_0.vhd:69]
INFO: [Synth 8-256] done synthesizing module 'cordic_0' (21#1) [/media/ad/Area51/workspace/col215_prac_lab/vivado/project_1/project_1.srcs/sources_1/ip/cordic_0/synth/cordic_0.vhd:69]
Finished RTL Elaboration : Time (s): cpu = 00:00:27 ; elapsed = 00:00:28 . Memory (MB): peak = 1128.043 ; gain = 197.566 ; free physical = 137 ; free virtual = 10139
Finished RTL Optimization Phase 1 : Time (s): cpu = 00:00:27 ; elapsed = 00:00:28 . Memory (MB): peak = 1128.043 ; gain = 197.566 ; free physical = 136 ; free virtual = 10139
INFO: [Device 21-403] Loading part xc7a35tcpg236-1
Constraint Validation Runtime : Time (s): cpu = 00:00:00.10 ; elapsed = 00:00:00.13 . Memory (MB): peak = 1410.160 ; gain = 0.000 ; free physical = 133 ; free virtual = 9994
Finished Constraint Validation : Time (s): cpu = 00:00:35 ; elapsed = 00:00:37 . Memory (MB): peak = 1410.160 ; gain = 479.684 ; free physical = 133 ; free virtual = 9996
Finished Loading Part and Timing Information : Time (s): cpu = 00:00:35 ; elapsed = 00:00:37 . Memory (MB): peak = 1410.160 ; gain = 479.684 ; free physical = 133 ; free virtual = 9996
Finished applying 'set_property' XDC Constraints : Time (s): cpu = 00:00:35 ; elapsed = 00:00:37 . Memory (MB): peak = 1410.160 ; gain = 479.684 ; free physical = 133 ; free virtual = 9996
Finished RTL Optimization Phase 2 : Time (s): cpu = 00:00:36 ; elapsed = 00:00:37 . Memory (MB): peak = 1410.160 ; gain = 479.684 ; free physical = 127 ; free virtual = 9990
Finished Cross Boundary and Area Optimization : Time (s): cpu = 00:00:37 ; elapsed = 00:00:39 . Memory (MB): peak = 1410.160 ; gain = 479.684 ; free physical = 138 ; free virtual = 9976
Finished Applying XDC Timing Constraints : Time (s): cpu = 00:00:43 ; elapsed = 00:00:45 . Memory (MB): peak = 1410.160 ; gain = 479.684 ; free physical = 129 ; free virtual = 9948
Finished Timing Optimization : Time (s): cpu = 00:00:44 ; elapsed = 00:00:46 . Memory (MB): peak = 1410.160 ; gain = 479.684 ; free physical = 143 ; free virtual = 9935
Finished Technology Mapping : Time (s): cpu = 00:00:44 ; elapsed = 00:00:46 . Memory (MB): peak = 1410.160 ; gain = 479.684 ; free physical = 133 ; free virtual = 9926
Finished IO Insertion : Time (s): cpu = 00:00:45 ; elapsed = 00:00:47 . Memory (MB): peak = 1410.160 ; gain = 479.684 ; free physical = 133 ; free virtual = 9926
Finished Renaming Generated Instances : Time (s): cpu = 00:00:45 ; elapsed = 00:00:47 . Memory (MB): peak = 1410.160 ; gain = 479.684 ; free physical = 133 ; free virtual = 9926
Finished Rebuilding User Hierarchy : Time (s): cpu = 00:00:45 ; elapsed = 00:00:47 . Memory (MB): peak = 1410.160 ; gain = 479.684 ; free physical = 133 ; free virtual = 9926
Finished Renaming Generated Ports : Time (s): cpu = 00:00:45 ; elapsed = 00:00:47 . Memory (MB): peak = 1410.160 ; gain = 479.684 ; free physical = 133 ; free virtual = 9926
Finished Handling Custom Attributes : Time (s): cpu = 00:00:45 ; elapsed = 00:00:47 . Memory (MB): peak = 1410.160 ; gain = 479.684 ; free physical = 133 ; free virtual = 9926
Finished Renaming Generated Nets : Time (s): cpu = 00:00:45 ; elapsed = 00:00:47 . Memory (MB): peak = 1410.160 ; gain = 479.684 ; free physical = 133 ; free virtual = 9926

Report Cell Usage: 
+------+-------+------+
|      |Cell   |Count |
+------+-------+------+
|1     |LUT1   |    82|
|2     |LUT2   |   305|
|3     |LUT3   |   600|
|4     |MUXCY  |   893|
|5     |SRL16E |     2|
|6     |XORCY  |   913|
|7     |FDRE   |   965|
+------+-------+------+
Finished Writing Synthesis Report : Time (s): cpu = 00:00:45 ; elapsed = 00:00:47 . Memory (MB): peak = 1410.160 ; gain = 479.684 ; free physical = 133 ; free virtual = 9926
synth_design: Time (s): cpu = 00:00:46 ; elapsed = 00:00:47 . Memory (MB): peak = 1410.168 ; gain = 410.176 ; free physical = 141 ; free virtual = 9867
