INFO: [VRFC 10-2263] Analyzing Verilog file "/media/ad/Area51/workspace/col215_prac_lab/vivado/lab5/lab5.sim/sim_1/synth/func/lab5_gcd_tb_func_synth.v" into library xil_defaultlib
INFO: [VRFC 10-311] analyzing module FTC_HXILINX_lab5_gcd
INFO: [VRFC 10-311] analyzing module FTC_HXILINX_lab5_gcd_0
INFO: [VRFC 10-311] analyzing module FTC_HXILINX_lab5_gcd_1
INFO: [VRFC 10-311] analyzing module FTC_HXILINX_lab5_gcd_10
INFO: [VRFC 10-311] analyzing module FTC_HXILINX_lab5_gcd_11
INFO: [VRFC 10-311] analyzing module FTC_HXILINX_lab5_gcd_12
INFO: [VRFC 10-311] analyzing module FTC_HXILINX_lab5_gcd_13
INFO: [VRFC 10-311] analyzing module FTC_HXILINX_lab5_gcd_14
INFO: [VRFC 10-311] analyzing module FTC_HXILINX_lab5_gcd_15
INFO: [VRFC 10-311] analyzing module FTC_HXILINX_lab5_gcd_16
INFO: [VRFC 10-311] analyzing module FTC_HXILINX_lab5_gcd_17
INFO: [VRFC 10-311] analyzing module FTC_HXILINX_lab5_gcd_18
INFO: [VRFC 10-311] analyzing module FTC_HXILINX_lab5_gcd_19
INFO: [VRFC 10-311] analyzing module FTC_HXILINX_lab5_gcd_2
INFO: [VRFC 10-311] analyzing module FTC_HXILINX_lab5_gcd_20
INFO: [VRFC 10-311] analyzing module FTC_HXILINX_lab5_gcd_21
INFO: [VRFC 10-311] analyzing module FTC_HXILINX_lab5_gcd_22
INFO: [VRFC 10-311] analyzing module FTC_HXILINX_lab5_gcd_23
INFO: [VRFC 10-311] analyzing module FTC_HXILINX_lab5_gcd_24
INFO: [VRFC 10-311] analyzing module FTC_HXILINX_lab5_gcd_25
INFO: [VRFC 10-311] analyzing module FTC_HXILINX_lab5_gcd_26
INFO: [VRFC 10-311] analyzing module FTC_HXILINX_lab5_gcd_27
INFO: [VRFC 10-311] analyzing module FTC_HXILINX_lab5_gcd_29
INFO: [VRFC 10-311] analyzing module FTC_HXILINX_lab5_gcd_3
INFO: [VRFC 10-311] analyzing module FTC_HXILINX_lab5_gcd_30
INFO: [VRFC 10-311] analyzing module FTC_HXILINX_lab5_gcd_31
INFO: [VRFC 10-311] analyzing module FTC_HXILINX_lab5_gcd_32
INFO: [VRFC 10-311] analyzing module FTC_HXILINX_lab5_gcd_33
INFO: [VRFC 10-311] analyzing module FTC_HXILINX_lab5_gcd_34
INFO: [VRFC 10-311] analyzing module FTC_HXILINX_lab5_gcd_35
INFO: [VRFC 10-311] analyzing module FTC_HXILINX_lab5_gcd_36
INFO: [VRFC 10-311] analyzing module FTC_HXILINX_lab5_gcd_37
INFO: [VRFC 10-311] analyzing module FTC_HXILINX_lab5_gcd_38
INFO: [VRFC 10-311] analyzing module FTC_HXILINX_lab5_gcd_39
INFO: [VRFC 10-311] analyzing module FTC_HXILINX_lab5_gcd_4
INFO: [VRFC 10-311] analyzing module FTC_HXILINX_lab5_gcd_40
INFO: [VRFC 10-311] analyzing module FTC_HXILINX_lab5_gcd_41
INFO: [VRFC 10-311] analyzing module FTC_HXILINX_lab5_gcd_42
INFO: [VRFC 10-311] analyzing module FTC_HXILINX_lab5_gcd_43
INFO: [VRFC 10-311] analyzing module FTC_HXILINX_lab5_gcd_44
INFO: [VRFC 10-311] analyzing module FTC_HXILINX_lab5_gcd_5
INFO: [VRFC 10-311] analyzing module FTC_HXILINX_lab5_gcd_6
INFO: [VRFC 10-311] analyzing module FTC_HXILINX_lab5_gcd_7
INFO: [VRFC 10-311] analyzing module FTC_HXILINX_lab5_gcd_8
INFO: [VRFC 10-311] analyzing module FTC_HXILINX_lab5_gcd_9
INFO: [VRFC 10-311] analyzing module OR6_HXILINX_lab5_gcd
INFO: [VRFC 10-311] analyzing module OR6_HXILINX_lab5_gcd_28
INFO: [VRFC 10-311] analyzing module ca_MUSER_lab5_gcd
INFO: [VRFC 10-311] analyzing module cc_MUSER_lab5_gcd
INFO: [VRFC 10-311] analyzing module cd_MUSER_lab5_gcd
INFO: [VRFC 10-311] analyzing module ce_MUSER_lab5_gcd
INFO: [VRFC 10-311] analyzing module cf_MUSER_lab5_gcd
INFO: [VRFC 10-311] analyzing module cg_MUSER_lab5_gcd
INFO: [VRFC 10-311] analyzing module lab5_gcd
INFO: [VRFC 10-311] analyzing module myanode_MUSER_lab5_gcd
INFO: [VRFC 10-311] analyzing module mycathode2_MUSER_lab5_gcd
INFO: [VRFC 10-311] analyzing module mycb_MUSER_lab5_gcd
INFO: [VRFC 10-311] analyzing module myclock2_MUSER_lab5_gcd
INFO: [VRFC 10-311] analyzing module myclock_MUSER_lab5_gcd
INFO: [VRFC 10-311] analyzing module mycounter2_MUSER_lab5_gcd
INFO: [VRFC 10-311] analyzing module glbl
