Vivado Simulator 2016.4
Copyright 1986-1999, 2001-2016 Xilinx, Inc. All Rights Reserved.
Running: /opt/Xilinx/Vivado/2016.4/bin/unwrapped/lnx64.o/xelab -wto 8af8ee2bd9ed486692be214c23c7e662 --debug typical --relax --mt 8 -L xil_defaultlib -L secureip --snapshot project_top_module_func_synth xil_defaultlib.project_top_module -log elaborate.log 
Using 8 slave threads.
Starting static elaboration
Completed static elaboration
Starting simulation data flow analysis
Completed simulation data flow analysis
Time Resolution for simulation is 1ps
Compiling package std.standard
Compiling package std.textio
Compiling package ieee.std_logic_1164
Compiling package unisim.vcomponents
Compiling package ieee.vital_timing
Compiling package ieee.vital_primitives
Compiling package unisim.vpkg
Compiling package ieee.numeric_std
Compiling package ieee.std_logic_arith
Compiling package ieee.std_logic_signed
Compiling architecture obuf_v of entity unisim.OBUF [\OBUF(1,9,1,7,1,4)\]
Compiling architecture bufg_v of entity unisim.BUFG [bufg_default]
Compiling architecture ibuf_v of entity unisim.IBUF [\IBUF(1,9,1,1,1,4,1,7)\]
Compiling architecture lut5_v of entity unisim.LUT5 [\LUT5(init="10111000101110111011...]
Compiling architecture fdre_v of entity unisim.FDRE [fdre_default]
Compiling architecture lut3_v of entity unisim.LUT3 [\LUT3(init="11101111")(0,7)\]
Compiling architecture lut3_v of entity unisim.LUT3 [\LUT3(init="11110111")(0,7)\]
Compiling architecture lut4_v of entity unisim.LUT4 [\LUT4(init="0101011001010011")(0...]
Compiling architecture lut4_v of entity unisim.LUT4 [\LUT4(init="0100000101110111")(0...]
Compiling architecture lut4_v of entity unisim.LUT4 [\LUT4(init="0101011101000111")(0...]
Compiling architecture lut4_v of entity unisim.LUT4 [\LUT4(init="0001011001010011")(0...]
Compiling architecture lut4_v of entity unisim.LUT4 [\LUT4(init="0000000001000111")(0...]
Compiling architecture lut4_v of entity unisim.LUT4 [\LUT4(init="0000011001000111")(0...]
Compiling architecture lut3_v of entity unisim.LUT3 [\LUT3(init="00011110")(0,7)\]
Compiling architecture lut4_v of entity unisim.LUT4 [\LUT4(init="1011111011111110")(0...]
Compiling architecture muxf8_v of entity unisim.MUXF8 [muxf8_default]
Compiling architecture muxf7_v of entity unisim.MUXF7 [muxf7_default]
Compiling architecture lut1_v of entity unisim.LUT1 [\LUT1(init="0001")(0,3)\]
Compiling architecture lut5_v of entity unisim.LUT5 [\LUT5(init="10001010111111110111...]
Compiling architecture lut5_v of entity unisim.LUT5 [\LUT5(init="11111111111111101111...]
Compiling architecture lut6_v of entity unisim.LUT6 [\LUT6(init="00000000000000001000...]
Compiling architecture lut3_v of entity unisim.LUT3 [\LUT3(init="00000001")(0,7)\]
Compiling architecture lut4_v of entity unisim.LUT4 [\LUT4(init="1111111111111000")(0...]
Compiling architecture lut6_v of entity unisim.LUT6 [\LUT6(init="00000000000000000000...]
Compiling architecture lut5_v of entity unisim.LUT5 [\LUT5(init="00000000000000000000...]
Compiling architecture lut1_v of entity unisim.LUT1 [\LUT1(init="0010")(0,3)\]
Compiling architecture carry4_v of entity unisim.CARRY4 [carry4_default]
Compiling architecture lut2_v of entity unisim.LUT2 [\LUT2(init="1011")(0,3)\]
Compiling architecture lut3_v of entity unisim.LUT3 [\LUT3(init="00010100")(0,7)\]
Compiling architecture lut3_v of entity unisim.LUT3 [\LUT3(init="00001000")(0,7)\]
Compiling architecture structure of entity xil_defaultlib.digit_display [digit_display_default]
Compiling architecture gnd_v of entity unisim.GND [gnd_default]
Compiling architecture lut3_v of entity unisim.LUT3 [\LUT3(init="11111101")(0,7)\]
Compiling architecture lut3_v of entity unisim.LUT3 [\LUT3(init="10111111")(0,7)\]
Compiling architecture lut2_v of entity unisim.LUT2 [\LUT2(init="1101")(0,3)\]
Compiling architecture fdre_v of entity unisim.FDRE [\FDRE(init='1')\]
Compiling architecture structure of entity xil_defaultlib.\seven_segment_display__1\ [\seven_segment_display__1_defaul...]
Compiling architecture lut2_v of entity unisim.LUT2 [\LUT2(init="1110")(0,3)\]
Compiling architecture lut2_v of entity unisim.LUT2 [\LUT2(init="1000")(0,3)\]
Compiling architecture lut2_v of entity unisim.LUT2 [\LUT2(init="0100")(0,3)\]
Compiling architecture structure of entity xil_defaultlib.seven_segment_display [seven_segment_display_default]
Compiling architecture structure of entity xil_defaultlib.display [display_default]
Compiling architecture lut5_v of entity unisim.LUT5 [\LUT5(init="00000000000000010000...]
Compiling architecture lut4_v of entity unisim.LUT4 [\LUT4(init="0001000000000000")(0...]
Compiling architecture lut6_v of entity unisim.LUT6 [\LUT6(init="00000000000000100000...]
Compiling architecture lut6_v of entity unisim.LUT6 [\LUT6(init="10000000000000000000...]
Compiling architecture lut3_v of entity unisim.LUT3 [\LUT3(init="00001011")(0,7)\]
Compiling architecture lut2_v of entity unisim.LUT2 [\LUT2(init="0001")(0,3)\]
Compiling architecture lut2_v of entity unisim.LUT2 [\LUT2(init="0010")(0,3)\]
Compiling architecture lut5_v of entity unisim.LUT5 [\LUT5(init="00000010000000000000...]
Compiling architecture lut6_v of entity unisim.LUT6 [\LUT6(init="00000000000000000000...]
Compiling architecture lut3_v of entity unisim.LUT3 [\LUT3(init="00000010")(0,7)\]
Compiling architecture lut6_v of entity unisim.LUT6 [\LUT6(init="00000000000000000000...]
Compiling architecture lut6_v of entity unisim.LUT6 [\LUT6(init="00000000001000000000...]
Compiling architecture lut5_v of entity unisim.LUT5 [\LUT5(init="00000000000000100000...]
Compiling architecture lut6_v of entity unisim.LUT6 [\LUT6(init="00000000000000000000...]
Compiling architecture lut4_v of entity unisim.LUT4 [\LUT4(init="0000000000000100")(0...]
Compiling architecture lut3_v of entity unisim.LUT3 [\LUT3(init="01000000")(0,7)\]
Compiling architecture lut5_v of entity unisim.LUT5 [\LUT5(init="00000000001000000000...]
Compiling architecture lut3_v of entity unisim.LUT3 [\LUT3(init="00000100")(0,7)\]
Compiling architecture lut6_v of entity unisim.LUT6 [\LUT6(init="11111111111111111111...]
Compiling architecture lut6_v of entity unisim.LUT6 [\LUT6(init="00000100000000000000...]
Compiling architecture lut3_v of entity unisim.LUT3 [\LUT3(init="00100000")(0,7)\]
Compiling architecture lut6_v of entity unisim.LUT6 [\LUT6(init="00000000000000000000...]
Compiling architecture lut6_v of entity unisim.LUT6 [\LUT6(init="00000000000010000000...]
Compiling architecture lut6_v of entity unisim.LUT6 [\LUT6(init="01000000000000000000...]
Compiling architecture lut5_v of entity unisim.LUT5 [\LUT5(init="10100010101000100000...]
Compiling architecture lut6_v of entity unisim.LUT6 [\LUT6(init="11111111111111111111...]
Compiling architecture lut6_v of entity unisim.LUT6 [\LUT6(init="10111111000010111111...]
Compiling architecture lut4_v of entity unisim.LUT4 [\LUT4(init="0100111101000100")(0...]
Compiling architecture lut6_v of entity unisim.LUT6 [\LUT6(init="00000000000000000000...]
Compiling architecture lut6_v of entity unisim.LUT6 [\LUT6(init="11111111111011111111...]
Compiling architecture lut6_v of entity unisim.LUT6 [\LUT6(init="00000000000000000000...]
Compiling architecture lut6_v of entity unisim.LUT6 [\LUT6(init="00000000000000000010...]
Compiling architecture lut6_v of entity unisim.LUT6 [\LUT6(init="00000010000000000000...]
Compiling architecture lut6_v of entity unisim.LUT6 [\LUT6(init="00000000000000001000...]
Compiling architecture lut4_v of entity unisim.LUT4 [\LUT4(init="1000000000000000")(0...]
Compiling architecture lut6_v of entity unisim.LUT6 [\LUT6(init="00000000000000000000...]
Compiling architecture lut3_v of entity unisim.LUT3 [\LUT3(init="10000000")(0,7)\]
Compiling architecture lut5_v of entity unisim.LUT5 [\LUT5(init="00000000000000000000...]
Compiling architecture lut6_v of entity unisim.LUT6 [\LUT6(init="00000000000000000000...]
Compiling architecture lut5_v of entity unisim.LUT5 [\LUT5(init="00000000000000000000...]
Compiling architecture dsp48e1_v of entity unisim.DSP48E1 [\DSP48E1(acascreg=0,alumodereg=0...]
Compiling architecture lut6_v of entity unisim.LUT6 [\LUT6(init="10101010101011101110...]
Compiling architecture lut5_v of entity unisim.LUT5 [\LUT5(init="10011001100101101001...]
Compiling architecture lut5_v of entity unisim.LUT5 [\LUT5(init="11101110111010001110...]
Compiling architecture lut6_v of entity unisim.LUT6 [\LUT6(init="01101001011010010110...]
Compiling architecture lut5_v of entity unisim.LUT5 [\LUT5(init="10011010100101010110...]
Compiling architecture lut6_v of entity unisim.LUT6 [\LUT6(init="01001011010001000100...]
Compiling architecture lut6_v of entity unisim.LUT6 [\LUT6(init="11111010101000001111...]
Compiling architecture lut6_v of entity unisim.LUT6 [\LUT6(init="11111111111111001011...]
Compiling architecture lut6_v of entity unisim.LUT6 [\LUT6(init="00010111111010001110...]
Compiling architecture lut3_v of entity unisim.LUT3 [\LUT3(init="10111000")(0,7)\]
Compiling architecture lut4_v of entity unisim.LUT4 [\LUT4(init="1010101111111011")(0...]
Compiling architecture lut4_v of entity unisim.LUT4 [\LUT4(init="0000001010100010")(0...]
Compiling architecture lut6_v of entity unisim.LUT6 [\LUT6(init="00000000101110001111...]
Compiling architecture lut6_v of entity unisim.LUT6 [\LUT6(init="01001011101101000100...]
Compiling architecture lut6_v of entity unisim.LUT6 [\LUT6(init="11010010001011011101...]
Compiling architecture lut3_v of entity unisim.LUT3 [\LUT3(init="11101000")(0,7)\]
Compiling architecture lut4_v of entity unisim.LUT4 [\LUT4(init="1110011100011000")(0...]
Compiling architecture lut4_v of entity unisim.LUT4 [\LUT4(init="0110100110010110")(0...]
Compiling architecture lut3_v of entity unisim.LUT3 [\LUT3(init="01101001")(0,7)\]
Compiling architecture lut4_v of entity unisim.LUT4 [\LUT4(init="0000001010001010")(0...]
Compiling architecture lut6_v of entity unisim.LUT6 [\LUT6(init="11110000110000111111...]
Compiling architecture lut3_v of entity unisim.LUT3 [\LUT3(init="11010100")(0,7)\]
Compiling architecture lut3_v of entity unisim.LUT3 [\LUT3(init="01001011")(0,7)\]
Compiling architecture lut4_v of entity unisim.LUT4 [\LUT4(init="1011010001001011")(0...]
Compiling architecture lut5_v of entity unisim.LUT5 [\LUT5(init="01110001100011101000...]
Compiling architecture lut3_v of entity unisim.LUT3 [\LUT3(init="10010110")(0,7)\]
Compiling architecture lut6_v of entity unisim.LUT6 [\LUT6(init="11101111111010101000...]
Compiling architecture lut6_v of entity unisim.LUT6 [\LUT6(init="00000001100000000000...]
Compiling architecture lut6_v of entity unisim.LUT6 [\LUT6(init="11111111010001110000...]
Compiling architecture lut6_v of entity unisim.LUT6 [\LUT6(init="11110100111111111111...]
Compiling architecture lut4_v of entity unisim.LUT4 [\LUT4(init="1001011001100110")(0...]
Compiling architecture lut4_v of entity unisim.LUT4 [\LUT4(init="1000011101111000")(0...]
Compiling architecture lut5_v of entity unisim.LUT5 [\LUT5(init="11111111111111110100...]
Compiling architecture lut3_v of entity unisim.LUT3 [\LUT3(init="01111000")(0,7)\]
Compiling architecture lut3_v of entity unisim.LUT3 [\LUT3(init="10101100")(0,7)\]
Compiling architecture lut3_v of entity unisim.LUT3 [\LUT3(init="00011011")(0,7)\]
Compiling architecture lut3_v of entity unisim.LUT3 [\LUT3(init="11101101")(0,7)\]
Compiling architecture lut4_v of entity unisim.LUT4 [\LUT4(init="1010110010100000")(0...]
Compiling architecture lut5_v of entity unisim.LUT5 [\LUT5(init="11111110001100101110...]
Compiling architecture lut6_v of entity unisim.LUT6 [\LUT6(init="11110000111100001000...]
Compiling architecture lut5_v of entity unisim.LUT5 [\LUT5(init="11101000000101110001...]
Compiling architecture lut6_v of entity unisim.LUT6 [\LUT6(init="01010110010110011010...]
Compiling architecture lut5_v of entity unisim.LUT5 [\LUT5(init="01010110101010010110...]
Compiling architecture lut6_v of entity unisim.LUT6 [\LUT6(init="11111111111001001110...]
Compiling architecture lut6_v of entity unisim.LUT6 [\LUT6(init="01101001100101100110...]
Compiling architecture lut5_v of entity unisim.LUT5 [\LUT5(init="11001010110001010011...]
Compiling architecture lut5_v of entity unisim.LUT5 [\LUT5(init="00010000110111000011...]
Compiling architecture lut5_v of entity unisim.LUT5 [\LUT5(init="00000010000011011111...]
Compiling architecture lut5_v of entity unisim.LUT5 [\LUT5(init="11111111110100101111...]
Compiling architecture lut5_v of entity unisim.LUT5 [\LUT5(init="01001101101100101011...]
Compiling architecture lut6_v of entity unisim.LUT6 [\LUT6(init="10110100010010111011...]
Compiling architecture lut6_v of entity unisim.LUT6 [\LUT6(init="10001110011100010111...]
Compiling architecture lut5_v of entity unisim.LUT5 [\LUT5(init="10111011101011111010...]
Compiling architecture lut5_v of entity unisim.LUT5 [\LUT5(init="00110101001100000011...]
Compiling architecture lut6_v of entity unisim.LUT6 [\LUT6(init="00011011000000000101...]
Compiling architecture lut5_v of entity unisim.LUT5 [\LUT5(init="01100110011010010110...]
Compiling architecture lut4_v of entity unisim.LUT4 [\LUT4(init="1110110000100000")(0...]
Compiling architecture lut4_v of entity unisim.LUT4 [\LUT4(init="0000011100001000")(0...]
Compiling architecture lut6_v of entity unisim.LUT6 [\LUT6(init="11111111111110101100...]
Compiling architecture lut6_v of entity unisim.LUT6 [\LUT6(init="01100110011010011001...]
Compiling architecture lut6_v of entity unisim.LUT6 [\LUT6(init="01000111110011110111...]
Compiling architecture lut6_v of entity unisim.LUT6 [\LUT6(init="11111010111111111111...]
Compiling architecture lut5_v of entity unisim.LUT5 [\LUT5(init="11001100101000000000...]
Compiling architecture lut5_v of entity unisim.LUT5 [\LUT5(init="00000000000000000110...]
Compiling architecture lut5_v of entity unisim.LUT5 [\LUT5(init="01100110011011111111...]
Compiling architecture lut6_v of entity unisim.LUT6 [\LUT6(init="01010110010101100101...]
Compiling architecture lut6_v of entity unisim.LUT6 [\LUT6(init="01000001000101001011...]
Compiling architecture lut5_v of entity unisim.LUT5 [\LUT5(init="10000010011111010111...]
Compiling architecture lut6_v of entity unisim.LUT6 [\LUT6(init="00100010001000101101...]
Compiling architecture lut5_v of entity unisim.LUT5 [\LUT5(init="11001100100011000100...]
Compiling architecture lut3_v of entity unisim.LUT3 [\LUT3(init="10011100")(0,7)\]
Compiling architecture lut3_v of entity unisim.LUT3 [\LUT3(init="01111110")(0,7)\]
Compiling architecture lut6_v of entity unisim.LUT6 [\LUT6(init="10000111011110001000...]
Compiling architecture lut6_v of entity unisim.LUT6 [\LUT6(init="10011010100101010110...]
Compiling architecture lut6_v of entity unisim.LUT6 [\LUT6(init="10101100111111110101...]
Compiling architecture lut4_v of entity unisim.LUT4 [\LUT4(init="0001000001100010")(0...]
Compiling architecture lut5_v of entity unisim.LUT5 [\LUT5(init="10010110000001100000...]
Compiling architecture lut5_v of entity unisim.LUT5 [\LUT5(init="01101001000010010000...]
Compiling architecture lut5_v of entity unisim.LUT5 [\LUT5(init="01010110011010101010...]
Compiling architecture lut6_v of entity unisim.LUT6 [\LUT6(init="10010110011010010101...]
Compiling architecture lut5_v of entity unisim.LUT5 [\LUT5(init="11110000111100001110...]
Compiling architecture lut5_v of entity unisim.LUT5 [\LUT5(init="01011010011010010110...]
Compiling architecture lut5_v of entity unisim.LUT5 [\LUT5(init="11101011101111101000...]
Compiling architecture lut6_v of entity unisim.LUT6 [\LUT6(init="11101101110111101000...]
Compiling architecture lut6_v of entity unisim.LUT6 [\LUT6(init="01101001100101101001...]
Compiling architecture lut6_v of entity unisim.LUT6 [\LUT6(init="00111100110000110110...]
Compiling architecture lut5_v of entity unisim.LUT5 [\LUT5(init="01011010001011011101...]
Compiling architecture lut6_v of entity unisim.LUT6 [\LUT6(init="10110100010010111011...]
Compiling architecture lut6_v of entity unisim.LUT6 [\LUT6(init="10111000111111110100...]
Compiling architecture lut6_v of entity unisim.LUT6 [\LUT6(init="10011001101001010110...]
Compiling architecture lut5_v of entity unisim.LUT5 [\LUT5(init="01101001100101101001...]
Compiling architecture lut5_v of entity unisim.LUT5 [\LUT5(init="01010110101010011010...]
Compiling architecture lut6_v of entity unisim.LUT6 [\LUT6(init="00011110000111100001...]
Compiling architecture lut6_v of entity unisim.LUT6 [\LUT6(init="01000111000000001011...]
Compiling architecture lut2_v of entity unisim.LUT2 [\LUT2(init="0110")(0,3)\]
Compiling architecture lut3_v of entity unisim.LUT3 [\LUT3(init="10110100")(0,7)\]
Compiling architecture lut6_v of entity unisim.LUT6 [\LUT6(init="01100011011001100110...]
Compiling architecture lut5_v of entity unisim.LUT5 [\LUT5(init="10111110001010000010...]
Compiling architecture lut5_v of entity unisim.LUT5 [\LUT5(init="10001110111010000000...]
Compiling architecture lut3_v of entity unisim.LUT3 [\LUT3(init="01001000")(0,7)\]
Compiling architecture lut6_v of entity unisim.LUT6 [\LUT6(init="10010110011010010110...]
Compiling architecture lut6_v of entity unisim.LUT6 [\LUT6(init="10010110011010010110...]
Compiling architecture lut5_v of entity unisim.LUT5 [\LUT5(init="11111111111001001110...]
Compiling architecture lut5_v of entity unisim.LUT5 [\LUT5(init="10011001101001010110...]
Compiling architecture lut6_v of entity unisim.LUT6 [\LUT6(init="10011001101001011001...]
Compiling architecture lut5_v of entity unisim.LUT5 [\LUT5(init="00110101001110101100...]
Compiling architecture lut4_v of entity unisim.LUT4 [\LUT4(init="0011010111001010")(0...]
Compiling architecture lut6_v of entity unisim.LUT6 [\LUT6(init="00110101001100000000...]
Compiling architecture lut6_v of entity unisim.LUT6 [\LUT6(init="01010110100110101010...]
Compiling architecture lut6_v of entity unisim.LUT6 [\LUT6(init="11111111101110001111...]
Compiling architecture lut5_v of entity unisim.LUT5 [\LUT5(init="01100110011011000011...]
Compiling architecture lut4_v of entity unisim.LUT4 [\LUT4(init="0001110111100010")(0...]
Compiling architecture lut6_v of entity unisim.LUT6 [\LUT6(init="01101001011010010110...]
Compiling architecture lut6_v of entity unisim.LUT6 [\LUT6(init="10010110100101101001...]
Compiling architecture lut6_v of entity unisim.LUT6 [\LUT6(init="01101001100101101010...]
Compiling architecture lut4_v of entity unisim.LUT4 [\LUT4(init="1010100101100101")(0...]
Compiling architecture lut6_v of entity unisim.LUT6 [\LUT6(init="00110101000000000011...]
Compiling architecture lut6_v of entity unisim.LUT6 [\LUT6(init="11000011110000111010...]
Compiling architecture lut5_v of entity unisim.LUT5 [\LUT5(init="10010110100101101001...]
Compiling architecture lut6_v of entity unisim.LUT6 [\LUT6(init="11111111111000101111...]
Compiling architecture lut6_v of entity unisim.LUT6 [\LUT6(init="01101001011010010110...]
Compiling architecture lut5_v of entity unisim.LUT5 [\LUT5(init="01101010011001100110...]
Compiling architecture lut4_v of entity unisim.LUT4 [\LUT4(init="1010101111101111")(0...]
Compiling architecture lut6_v of entity unisim.LUT6 [\LUT6(init="00000000101011001111...]
Compiling architecture lut6_v of entity unisim.LUT6 [\LUT6(init="11111111010100110000...]
Compiling architecture lut5_v of entity unisim.LUT5 [\LUT5(init="01101001100101100110...]
Compiling architecture lut4_v of entity unisim.LUT4 [\LUT4(init="0010110111010010")(0...]
Compiling architecture lut6_v of entity unisim.LUT6 [\LUT6(init="01100011011000110110...]
Compiling architecture lut6_v of entity unisim.LUT6 [\LUT6(init="01100110010110101001...]
Compiling architecture lut4_v of entity unisim.LUT4 [\LUT4(init="1010011010010101")(0...]
Compiling architecture lut6_v of entity unisim.LUT6 [\LUT6(init="10011001100110011010...]
Compiling architecture lut5_v of entity unisim.LUT5 [\LUT5(init="00110011010110101100...]
Compiling architecture lut6_v of entity unisim.LUT6 [\LUT6(init="01010011000000001010...]
Compiling architecture lut4_v of entity unisim.LUT4 [\LUT4(init="0001101111100100")(0...]
Compiling architecture dsp48e1_v of entity unisim.DSP48E1 [\DSP48E1(acascreg=0,adreg=0,alum...]
Compiling architecture lut6_v of entity unisim.LUT6 [\LUT6(init="00100010001000100010...]
Compiling architecture lut5_v of entity unisim.LUT5 [\LUT5(init="11101011101110110010...]
Compiling architecture lut6_v of entity unisim.LUT6 [\LUT6(init="01110111011101110101...]
Compiling architecture lut6_v of entity unisim.LUT6 [\LUT6(init="10001010100000000111...]
Compiling architecture lut6_v of entity unisim.LUT6 [\LUT6(init="01010101000000000011...]
Compiling architecture lut6_v of entity unisim.LUT6 [\LUT6(init="01010101001100110000...]
Compiling architecture lut6_v of entity unisim.LUT6 [\LUT6(init="00000101111101010000...]
Compiling architecture lut6_v of entity unisim.LUT6 [\LUT6(init="00001111001100110101...]
Compiling architecture lut6_v of entity unisim.LUT6 [\LUT6(init="00000000000011110011...]
Compiling architecture lut6_v of entity unisim.LUT6 [\LUT6(init="01010000010111110101...]
Compiling architecture lut6_v of entity unisim.LUT6 [\LUT6(init="01010101000011110000...]
Compiling architecture lut6_v of entity unisim.LUT6 [\LUT6(init="00110011000000000101...]
Compiling architecture lut6_v of entity unisim.LUT6 [\LUT6(init="01010000010111110011...]
Compiling architecture lut6_v of entity unisim.LUT6 [\LUT6(init="01010101000011110011...]
Compiling architecture lut6_v of entity unisim.LUT6 [\LUT6(init="11000011101010101100...]
Compiling architecture lut6_v of entity unisim.LUT6 [\LUT6(init="01100101011010101001...]
Compiling architecture lut6_v of entity unisim.LUT6 [\LUT6(init="01100101011010101010...]
Compiling architecture lut6_v of entity unisim.LUT6 [\LUT6(init="10101111101000001100...]
Compiling architecture lut6_v of entity unisim.LUT6 [\LUT6(init="11111111111100001010...]
Compiling architecture lut6_v of entity unisim.LUT6 [\LUT6(init="00110011000011110101...]
Compiling architecture lut6_v of entity unisim.LUT6 [\LUT6(init="01010101010101100101...]
Compiling architecture lut6_v of entity unisim.LUT6 [\LUT6(init="11001111110000001010...]
Compiling architecture lut6_v of entity unisim.LUT6 [\LUT6(init="10111000011101001000...]
Compiling architecture lut6_v of entity unisim.LUT6 [\LUT6(init="11001100110000111100...]
Compiling architecture lut4_v of entity unisim.LUT4 [\LUT4(init="1110001000011101")(0...]
Compiling architecture lut3_v of entity unisim.LUT3 [\LUT3(init="00011101")(0,7)\]
Compiling architecture lut6_v of entity unisim.LUT6 [\LUT6(init="11110000000011111111...]
Compiling architecture lut5_v of entity unisim.LUT5 [\LUT5(init="00000000000000001000...]
Compiling architecture lut6_v of entity unisim.LUT6 [\LUT6(init="00000000111111110000...]
Compiling architecture lut6_v of entity unisim.LUT6 [\LUT6(init="01010101010101010101...]
Compiling architecture lut4_v of entity unisim.LUT4 [\LUT4(init="1000000000101010")(0...]
Compiling architecture lut6_v of entity unisim.LUT6 [\LUT6(init="10111000000000000100...]
Compiling architecture lut6_v of entity unisim.LUT6 [\LUT6(init="01101001100101100110...]
Compiling architecture lut2_v of entity unisim.LUT2 [\LUT2(init="1001")(0,3)\]
Compiling architecture lut6_v of entity unisim.LUT6 [\LUT6(init="11111111101100101011...]
Compiling architecture lut5_v of entity unisim.LUT5 [\LUT5(init="11111111101100101011...]
Compiling architecture lut5_v of entity unisim.LUT5 [\LUT5(init="11111111100011101000...]
Compiling architecture lut5_v of entity unisim.LUT5 [\LUT5(init="01101001000000001111...]
Compiling architecture lut6_v of entity unisim.LUT6 [\LUT6(init="01100110011010011001...]
Compiling architecture lut5_v of entity unisim.LUT5 [\LUT5(init="01101001100101101001...]
Compiling architecture lut6_v of entity unisim.LUT6 [\LUT6(init="01100101101001101001...]
Compiling architecture lut6_v of entity unisim.LUT6 [\LUT6(init="01101010010101101001...]
Compiling architecture lut4_v of entity unisim.LUT4 [\LUT4(init="1110000000001110")(0...]
Compiling architecture lut5_v of entity unisim.LUT5 [\LUT5(init="11111110111000001110...]
Compiling architecture lut4_v of entity unisim.LUT4 [\LUT4(init="0011111110000001")(0...]
Compiling architecture lut5_v of entity unisim.LUT5 [\LUT5(init="11010010001111000011...]
Compiling architecture lut6_v of entity unisim.LUT6 [\LUT6(init="11110001000011101010...]
Compiling architecture lut5_v of entity unisim.LUT5 [\LUT5(init="10111011001010110010...]
Compiling architecture lut5_v of entity unisim.LUT5 [\LUT5(init="10110010111111110000...]
Compiling architecture lut5_v of entity unisim.LUT5 [\LUT5(init="10110010010011010100...]
Compiling architecture lut6_v of entity unisim.LUT6 [\LUT6(init="10100110011001010101...]
Compiling architecture lut6_v of entity unisim.LUT6 [\LUT6(init="10011010010110010110...]
Compiling architecture lut6_v of entity unisim.LUT6 [\LUT6(init="10011001100101100110...]
Compiling architecture lut3_v of entity unisim.LUT3 [\LUT3(init="00101011")(0,7)\]
Compiling architecture lut3_v of entity unisim.LUT3 [\LUT3(init="10110010")(0,7)\]
Compiling architecture lut4_v of entity unisim.LUT4 [\LUT4(init="1001011001101001")(0...]
Compiling architecture lut4_v of entity unisim.LUT4 [\LUT4(init="0110010110100110")(0...]
Compiling architecture lut6_v of entity unisim.LUT6 [\LUT6(init="00001111010101010000...]
Compiling architecture lut3_v of entity unisim.LUT3 [\LUT3(init="10001010")(0,7)\]
Compiling architecture lut5_v of entity unisim.LUT5 [\LUT5(init="10001110111010001110...]
Compiling architecture lut6_v of entity unisim.LUT6 [\LUT6(init="10010110100110011001...]
Compiling architecture lut6_v of entity unisim.LUT6 [\LUT6(init="10010110011010011001...]
Compiling architecture lut5_v of entity unisim.LUT5 [\LUT5(init="01101001011010010110...]
Compiling architecture lut5_v of entity unisim.LUT5 [\LUT5(init="10101010101010101100...]
Compiling architecture lut5_v of entity unisim.LUT5 [\LUT5(init="10111011100010111011...]
Compiling architecture lut5_v of entity unisim.LUT5 [\LUT5(init="01000100011101000100...]
Compiling architecture lut5_v of entity unisim.LUT5 [\LUT5(init="00000000000000000111...]
Compiling architecture lut6_v of entity unisim.LUT6 [\LUT6(init="00000000000011110101...]
Compiling architecture lut6_v of entity unisim.LUT6 [\LUT6(init="01000100010001000100...]
Compiling architecture lut6_v of entity unisim.LUT6 [\LUT6(init="00000000001100110101...]
Compiling architecture lut5_v of entity unisim.LUT5 [\LUT5(init="00101011101100101011...]
Compiling architecture lut5_v of entity unisim.LUT5 [\LUT5(init="00000000101110000000...]
Compiling architecture lut6_v of entity unisim.LUT6 [\LUT6(init="00000000000000000000...]
Compiling architecture lut6_v of entity unisim.LUT6 [\LUT6(init="11111111111111111111...]
Compiling architecture dsp48e1_v of entity unisim.DSP48E1 [\DSP48E1(acascreg=0,alumodereg=0...]
Compiling architecture lut3_v of entity unisim.LUT3 [\LUT3(init="10010101")(0,7)\]
Compiling architecture lut3_v of entity unisim.LUT3 [\LUT3(init="01101010")(0,7)\]
Compiling architecture lut6_v of entity unisim.LUT6 [\LUT6(init="10000111011101110111...]
Compiling architecture lut4_v of entity unisim.LUT4 [\LUT4(init="0111100010001000")(0...]
Compiling architecture lut5_v of entity unisim.LUT5 [\LUT5(init="01101010101010101010...]
Compiling architecture lut6_v of entity unisim.LUT6 [\LUT6(init="11111000100000001000...]
Compiling architecture lut6_v of entity unisim.LUT6 [\LUT6(init="11111000100010001000...]
Compiling architecture lut6_v of entity unisim.LUT6 [\LUT6(init="10010101101001010110...]
Compiling architecture lut5_v of entity unisim.LUT5 [\LUT5(init="01011001001100110101...]
Compiling architecture lut5_v of entity unisim.LUT5 [\LUT5(init="10010110100110011001...]
Compiling architecture lut6_v of entity unisim.LUT6 [\LUT6(init="11110000110000111011...]
Compiling architecture lut3_v of entity unisim.LUT3 [\LUT3(init="11111001")(0,7)\]
Compiling architecture lut4_v of entity unisim.LUT4 [\LUT4(init="1011100010001000")(0...]
Compiling architecture lut5_v of entity unisim.LUT5 [\LUT5(init="11111110000011101111...]
Compiling architecture lut6_v of entity unisim.LUT6 [\LUT6(init="11110000100010001111...]
Compiling architecture lut6_v of entity unisim.LUT6 [\LUT6(init="01010101011010011010...]
Compiling architecture lut5_v of entity unisim.LUT5 [\LUT5(init="01010110101010010101...]
Compiling architecture lut6_v of entity unisim.LUT6 [\LUT6(init="11111111111000101110...]
Compiling architecture lut5_v of entity unisim.LUT5 [\LUT5(init="10111010101111111010...]
Compiling architecture lut5_v of entity unisim.LUT5 [\LUT5(init="11001100101001010011...]
Compiling architecture lut3_v of entity unisim.LUT3 [\LUT3(init="11111011")(0,7)\]
Compiling architecture lut5_v of entity unisim.LUT5 [\LUT5(init="00000100111101000000...]
Compiling architecture lut5_v of entity unisim.LUT5 [\LUT5(init="00000000001011011111...]
Compiling architecture lut5_v of entity unisim.LUT5 [\LUT5(init="11111101111100101111...]
Compiling architecture lut5_v of entity unisim.LUT5 [\LUT5(init="00110011010100000011...]
Compiling architecture lut6_v of entity unisim.LUT6 [\LUT6(init="00011101000000000011...]
Compiling architecture lut5_v of entity unisim.LUT5 [\LUT5(init="01100110011010010110...]
Compiling architecture lut4_v of entity unisim.LUT4 [\LUT4(init="1111100000001000")(0...]
Compiling architecture lut4_v of entity unisim.LUT4 [\LUT4(init="0000000001111000")(0...]
Compiling architecture lut6_v of entity unisim.LUT6 [\LUT6(init="11111111111110101100...]
Compiling architecture lut6_v of entity unisim.LUT6 [\LUT6(init="01100110011010011001...]
Compiling architecture lut6_v of entity unisim.LUT6 [\LUT6(init="11101011101111101000...]
Compiling architecture lut3_v of entity unisim.LUT3 [\LUT3(init="00101000")(0,7)\]
Compiling architecture lut5_v of entity unisim.LUT5 [\LUT5(init="11111111111000101110...]
Compiling architecture lut5_v of entity unisim.LUT5 [\LUT5(init="10011001100101100110...]
Compiling architecture lut6_v of entity unisim.LUT6 [\LUT6(init="00110011010100000000...]
Compiling architecture lut6_v of entity unisim.LUT6 [\LUT6(init="01010110101001101010...]
Compiling architecture lut4_v of entity unisim.LUT4 [\LUT4(init="1010100101011001")(0...]
Compiling architecture lut6_v of entity unisim.LUT6 [\LUT6(init="01100101011010101001...]
Compiling architecture lut4_v of entity unisim.LUT4 [\LUT4(init="1001101010010101")(0...]
Compiling architecture lut6_v of entity unisim.LUT6 [\LUT6(init="01011111010111110011...]
Compiling architecture lut6_v of entity unisim.LUT6 [\LUT6(init="10000111100010001000...]
Compiling architecture lut6_v of entity unisim.LUT6 [\LUT6(init="01000111010001000100...]
Compiling architecture lut6_v of entity unisim.LUT6 [\LUT6(init="01000100011101000100...]
Compiling architecture lut6_v of entity unisim.LUT6 [\LUT6(init="10110000101100001011...]
Compiling architecture fdpe_v of entity unisim.FDPE [fdpe_default]
Compiling architecture lut4_v of entity unisim.LUT4 [\LUT4(init="0000001000000000")(0...]
Compiling architecture lut4_v of entity unisim.LUT4 [\LUT4(init="1111101100001000")(0...]
Compiling architecture lut4_v of entity unisim.LUT4 [\LUT4(init="1000000010001000")(0...]
Compiling architecture lut6_v of entity unisim.LUT6 [\LUT6(init="10001000100010001010...]
Compiling architecture lut5_v of entity unisim.LUT5 [\LUT5(init="00000000000000000001...]
Compiling architecture fdse_v of entity unisim.FDSE [fdse_default]
Compiling architecture fdce_v of entity unisim.FDCE [fdce_default]
Compiling architecture lut4_v of entity unisim.LUT4 [\LUT4(init="1010101000010000")(0...]
Compiling architecture lut6_v of entity unisim.LUT6 [\LUT6(init="01001000100010111110...]
Compiling architecture lut6_v of entity unisim.LUT6 [\LUT6(init="10111000011000101100...]
Compiling architecture lut6_v of entity unisim.LUT6 [\LUT6(init="01000101010000000101...]
Compiling architecture lut6_v of entity unisim.LUT6 [\LUT6(init="10010101101010010110...]
Compiling architecture lut6_v of entity unisim.LUT6 [\LUT6(init="01100110011010011001...]
Compiling architecture lut6_v of entity unisim.LUT6 [\LUT6(init="11000011001111001010...]
Compiling architecture lut6_v of entity unisim.LUT6 [\LUT6(init="11100010000000001110...]
Compiling architecture lut6_v of entity unisim.LUT6 [\LUT6(init="10101010101010100101...]
Compiling architecture lut5_v of entity unisim.LUT5 [\LUT5(init="10101010010101011010...]
Compiling architecture lut6_v of entity unisim.LUT6 [\LUT6(init="10110010010011010100...]
Compiling architecture lut6_v of entity unisim.LUT6 [\LUT6(init="10011001100101100110...]
Compiling architecture lut6_v of entity unisim.LUT6 [\LUT6(init="01011010010110100011...]
Compiling architecture lut6_v of entity unisim.LUT6 [\LUT6(init="01100101011001010110...]
Compiling architecture lut5_v of entity unisim.LUT5 [\LUT5(init="10111000011101001000...]
Compiling architecture lut6_v of entity unisim.LUT6 [\LUT6(init="10100101101001011100...]
Compiling architecture lut4_v of entity unisim.LUT4 [\LUT4(init="1010100101010110")(0...]
Compiling architecture lut6_v of entity unisim.LUT6 [\LUT6(init="00000000000000000000...]
Compiling architecture lut4_v of entity unisim.LUT4 [\LUT4(init="1011100001000111")(0...]
Compiling architecture lut6_v of entity unisim.LUT6 [\LUT6(init="01010101000001001111...]
Compiling architecture lut6_v of entity unisim.LUT6 [\LUT6(init="10111011101101000100...]
Compiling architecture lut4_v of entity unisim.LUT4 [\LUT4(init="0110101010101010")(0...]
Compiling architecture lut6_v of entity unisim.LUT6 [\LUT6(init="11111111100011101000...]
Compiling architecture lut5_v of entity unisim.LUT5 [\LUT5(init="10001110000000001111...]
Compiling architecture lut6_v of entity unisim.LUT6 [\LUT6(init="01101001100101100110...]
Compiling architecture lut6_v of entity unisim.LUT6 [\LUT6(init="10010110100101100110...]
Compiling architecture lut5_v of entity unisim.LUT5 [\LUT5(init="10010101010101010101...]
Compiling architecture lut6_v of entity unisim.LUT6 [\LUT6(init="10110100101101001011...]
Compiling architecture lut6_v of entity unisim.LUT6 [\LUT6(init="11010010110111011101...]
Compiling architecture lut6_v of entity unisim.LUT6 [\LUT6(init="10011010101010101010...]
Compiling architecture lut5_v of entity unisim.LUT5 [\LUT5(init="11011101010011010100...]
Compiling architecture lut6_v of entity unisim.LUT6 [\LUT6(init="00010101000100000101...]
Compiling architecture lut6_v of entity unisim.LUT6 [\LUT6(init="11101110110000001110...]
Compiling architecture lut3_v of entity unisim.LUT3 [\LUT3(init="01110100")(0,7)\]
Compiling architecture lut6_v of entity unisim.LUT6 [\LUT6(init="11100010111000101110...]
Compiling architecture lut5_v of entity unisim.LUT5 [\LUT5(init="11100010000111010001...]
Compiling architecture lut6_v of entity unisim.LUT6 [\LUT6(init="10010110011010010110...]
Compiling architecture lut6_v of entity unisim.LUT6 [\LUT6(init="00010000000100010000...]
Compiling architecture lut6_v of entity unisim.LUT6 [\LUT6(init="00000000000000000000...]
Compiling architecture lut6_v of entity unisim.LUT6 [\LUT6(init="11111111111100001100...]
Compiling architecture lut6_v of entity unisim.LUT6 [\LUT6(init="00000000000000000000...]
Compiling architecture lut6_v of entity unisim.LUT6 [\LUT6(init="10101011111010110011...]
Compiling architecture lut6_v of entity unisim.LUT6 [\LUT6(init="00000000111111111100...]
Compiling architecture lut6_v of entity unisim.LUT6 [\LUT6(init="10100000000000000101...]
Compiling architecture lut6_v of entity unisim.LUT6 [\LUT6(init="00000000111111111111...]
Compiling architecture lut6_v of entity unisim.LUT6 [\LUT6(init="10101010101010101111...]
Compiling architecture lut6_v of entity unisim.LUT6 [\LUT6(init="00000000111111111111...]
Compiling architecture lut6_v of entity unisim.LUT6 [\LUT6(init="10101010101010101111...]
Compiling architecture lut6_v of entity unisim.LUT6 [\LUT6(init="01001110011001110101...]
Compiling architecture lut6_v of entity unisim.LUT6 [\LUT6(init="11010000100001010010...]
Compiling architecture lut6_v of entity unisim.LUT6 [\LUT6(init="01011001100000001110...]
Compiling architecture lut6_v of entity unisim.LUT6 [\LUT6(init="11101000110111100110...]
Compiling architecture lut6_v of entity unisim.LUT6 [\LUT6(init="01111100010000100111...]
Compiling architecture lut6_v of entity unisim.LUT6 [\LUT6(init="01011000111010101110...]
Compiling architecture lut6_v of entity unisim.LUT6 [\LUT6(init="10111001010000101101...]
Compiling architecture lut6_v of entity unisim.LUT6 [\LUT6(init="01101101101001100001...]
Compiling architecture lut6_v of entity unisim.LUT6 [\LUT6(init="00010110111110010100...]
Compiling architecture lut6_v of entity unisim.LUT6 [\LUT6(init="11011011100111100000...]
Compiling architecture lut6_v of entity unisim.LUT6 [\LUT6(init="01010001010001010100...]
Compiling architecture lut6_v of entity unisim.LUT6 [\LUT6(init="10010010110101001010...]
Compiling architecture lut6_v of entity unisim.LUT6 [\LUT6(init="11001001100011001101...]
Compiling architecture lut6_v of entity unisim.LUT6 [\LUT6(init="00011100111001110011...]
Compiling architecture lut6_v of entity unisim.LUT6 [\LUT6(init="00001011010110100101...]
Compiling architecture lut6_v of entity unisim.LUT6 [\LUT6(init="11100000111110000011...]
Compiling architecture lut6_v of entity unisim.LUT6 [\LUT6(init="01011110101000000101...]
Compiling architecture lut6_v of entity unisim.LUT6 [\LUT6(init="00000000000000000000...]
Compiling architecture lut6_v of entity unisim.LUT6 [\LUT6(init="00000000000000000000...]
Compiling architecture lut6_v of entity unisim.LUT6 [\LUT6(init="00000000000000000000...]
Compiling architecture lut4_v of entity unisim.LUT4 [\LUT4(init="0000000001111110")(0...]
Compiling architecture lut6_v of entity unisim.LUT6 [\LUT6(init="00000000101111011111...]
Compiling architecture lut6_v of entity unisim.LUT6 [\LUT6(init="10100110011001100110...]
Compiling architecture lut6_v of entity unisim.LUT6 [\LUT6(init="00100000001000100000...]
Compiling architecture lut6_v of entity unisim.LUT6 [\LUT6(init="00000000101000100000...]
Compiling architecture lut6_v of entity unisim.LUT6 [\LUT6(init="10000000000000000000...]
Compiling architecture lut5_v of entity unisim.LUT5 [\LUT5(init="10000000000000000000...]
Compiling architecture lut6_v of entity unisim.LUT6 [\LUT6(init="11111111101110000000...]
Compiling architecture lut6_v of entity unisim.LUT6 [\LUT6(init="11100000111011101110...]
Compiling architecture lut5_v of entity unisim.LUT5 [\LUT5(init="11101011111010111110...]
Compiling architecture lut6_v of entity unisim.LUT6 [\LUT6(init="00111111100000010011...]
Compiling architecture lut5_v of entity unisim.LUT5 [\LUT5(init="00101010101010111101...]
Compiling architecture lut6_v of entity unisim.LUT6 [\LUT6(init="11110001000011101100...]
Compiling architecture lut6_v of entity unisim.LUT6 [\LUT6(init="11111111111111111111...]
Compiling architecture lut6_v of entity unisim.LUT6 [\LUT6(init="11111111111111111111...]
Compiling architecture lut6_v of entity unisim.LUT6 [\LUT6(init="00000000000000001111...]
Compiling architecture lut6_v of entity unisim.LUT6 [\LUT6(init="01101010101010101010...]
Compiling architecture lut6_v of entity unisim.LUT6 [\LUT6(init="01100110101010101010...]
Compiling architecture lut5_v of entity unisim.LUT5 [\LUT5(init="01011010101010100110...]
Compiling architecture lut5_v of entity unisim.LUT5 [\LUT5(init="00100000001000100000...]
Compiling architecture lut5_v of entity unisim.LUT5 [\LUT5(init="00001101000000000000...]
Compiling architecture lut5_v of entity unisim.LUT5 [\LUT5(init="01000101010000000101...]
Compiling architecture lut6_v of entity unisim.LUT6 [\LUT6(init="11111111111111001111...]
Compiling architecture lut3_v of entity unisim.LUT3 [\LUT3(init="11010001")(0,7)\]
Compiling architecture lut6_v of entity unisim.LUT6 [\LUT6(init="11111111111111111111...]
Compiling architecture lut6_v of entity unisim.LUT6 [\LUT6(init="00000000000000000101...]
Compiling architecture lut5_v of entity unisim.LUT5 [\LUT5(init="00010101000100000101...]
Compiling architecture lut4_v of entity unisim.LUT4 [\LUT4(init="0000000001111111")(0...]
Compiling architecture lut4_v of entity unisim.LUT4 [\LUT4(init="0000000010111111")(0...]
Compiling architecture lut6_v of entity unisim.LUT6 [\LUT6(init="00000000000000000000...]
Compiling architecture lut6_v of entity unisim.LUT6 [\LUT6(init="00000000000000000000...]
Compiling architecture lut6_v of entity unisim.LUT6 [\LUT6(init="00000000000000000000...]
Compiling architecture lut6_v of entity unisim.LUT6 [\LUT6(init="00000000000000000000...]
Compiling architecture lut6_v of entity unisim.LUT6 [\LUT6(init="00000000000000000000...]
Compiling architecture lut6_v of entity unisim.LUT6 [\LUT6(init="00000000000000000000...]
Compiling architecture lut6_v of entity unisim.LUT6 [\LUT6(init="00000000000000000000...]
Compiling architecture lut6_v of entity unisim.LUT6 [\LUT6(init="00000000000000000000...]
Compiling architecture lut6_v of entity unisim.LUT6 [\LUT6(init="00000000000000000000...]
Compiling architecture lut6_v of entity unisim.LUT6 [\LUT6(init="00000000000000000000...]
Compiling architecture lut6_v of entity unisim.LUT6 [\LUT6(init="00000000000000000000...]
Compiling architecture lut6_v of entity unisim.LUT6 [\LUT6(init="00000000000000000000...]
Compiling architecture lut6_v of entity unisim.LUT6 [\LUT6(init="00000000000000000000...]
Compiling architecture lut6_v of entity unisim.LUT6 [\LUT6(init="00000000000000000000...]
Compiling architecture lut6_v of entity unisim.LUT6 [\LUT6(init="00000000000000000000...]
Compiling architecture lut6_v of entity unisim.LUT6 [\LUT6(init="00000000000000000000...]
Compiling architecture lut6_v of entity unisim.LUT6 [\LUT6(init="00000000000000000000...]
Compiling architecture lut6_v of entity unisim.LUT6 [\LUT6(init="10101010101010101010...]
Compiling architecture lut6_v of entity unisim.LUT6 [\LUT6(init="10111010111111110000...]
Compiling architecture lut6_v of entity unisim.LUT6 [\LUT6(init="10101010101010101010...]
Compiling architecture lut6_v of entity unisim.LUT6 [\LUT6(init="11111111110100001111...]
Compiling architecture lut6_v of entity unisim.LUT6 [\LUT6(init="00000000000000000000...]
Compiling architecture lut6_v of entity unisim.LUT6 [\LUT6(init="01101010101010101010...]
Compiling architecture lut3_v of entity unisim.LUT3 [\LUT3(init="10111010")(0,7)\]
Compiling architecture lut3_v of entity unisim.LUT3 [\LUT3(init="11010010")(0,7)\]
Compiling architecture lut5_v of entity unisim.LUT5 [\LUT5(init="00111111011111111100...]
Compiling architecture lut5_v of entity unisim.LUT5 [\LUT5(init="11000111100011110011...]
Compiling architecture lut5_v of entity unisim.LUT5 [\LUT5(init="11100111100001110001...]
Compiling architecture lut5_v of entity unisim.LUT5 [\LUT5(init="01101001100110011001...]
Compiling architecture lut6_v of entity unisim.LUT6 [\LUT6(init="00000000000000010000...]
Compiling architecture lut6_v of entity unisim.LUT6 [\LUT6(init="00000000000000000000...]
Compiling architecture lut6_v of entity unisim.LUT6 [\LUT6(init="00000000100000000000...]
Compiling architecture lut6_v of entity unisim.LUT6 [\LUT6(init="00000000000000000000...]
Compiling architecture lut6_v of entity unisim.LUT6 [\LUT6(init="00100000000000000000...]
Compiling architecture lut6_v of entity unisim.LUT6 [\LUT6(init="00000000000000000000...]
Compiling architecture lut6_v of entity unisim.LUT6 [\LUT6(init="00000000000000000000...]
Compiling architecture lut6_v of entity unisim.LUT6 [\LUT6(init="00000000000000000000...]
Compiling architecture lut6_v of entity unisim.LUT6 [\LUT6(init="00000000000000000000...]
Compiling architecture lut6_v of entity unisim.LUT6 [\LUT6(init="00000000000000000000...]
Compiling architecture lut2_v of entity unisim.LUT2 [\LUT2(init="0111")(0,3)\]
Compiling architecture lut6_v of entity unisim.LUT6 [\LUT6(init="00000000000000000000...]
Compiling architecture lut6_v of entity unisim.LUT6 [\LUT6(init="00000000000000000000...]
Compiling architecture lut4_v of entity unisim.LUT4 [\LUT4(init="0000100000000000")(0...]
Compiling architecture lut6_v of entity unisim.LUT6 [\LUT6(init="00001000000000000000...]
Compiling architecture lut6_v of entity unisim.LUT6 [\LUT6(init="00000000000000000000...]
Compiling architecture lut6_v of entity unisim.LUT6 [\LUT6(init="00000000000000000000...]
Compiling architecture lut6_v of entity unisim.LUT6 [\LUT6(init="11101110111111111110...]
Compiling architecture lut6_v of entity unisim.LUT6 [\LUT6(init="01000100010001000100...]
Compiling architecture lut6_v of entity unisim.LUT6 [\LUT6(init="11111111111111111111...]
Compiling architecture lut6_v of entity unisim.LUT6 [\LUT6(init="10101010101010101010...]
Compiling architecture lut6_v of entity unisim.LUT6 [\LUT6(init="10111010101110111011...]
Compiling architecture lut6_v of entity unisim.LUT6 [\LUT6(init="00000000000010000000...]
Compiling architecture lut6_v of entity unisim.LUT6 [\LUT6(init="11111111111111111111...]
Compiling architecture lut4_v of entity unisim.LUT4 [\LUT4(init="0000000011100010")(0...]
Compiling architecture lut6_v of entity unisim.LUT6 [\LUT6(init="00000000000000001111...]
Compiling architecture lut6_v of entity unisim.LUT6 [\LUT6(init="11111111111111111111...]
Compiling architecture lut6_v of entity unisim.LUT6 [\LUT6(init="10101010101010101010...]
Compiling architecture lut5_v of entity unisim.LUT5 [\LUT5(init="10001000100010001000...]
Compiling architecture lut6_v of entity unisim.LUT6 [\LUT6(init="11111111000000001111...]
Compiling architecture lut5_v of entity unisim.LUT5 [\LUT5(init="11110000111100001000...]
Compiling architecture lut6_v of entity unisim.LUT6 [\LUT6(init="11111111100010001111...]
Compiling architecture lut6_v of entity unisim.LUT6 [\LUT6(init="00000000000000000000...]
Compiling architecture lut6_v of entity unisim.LUT6 [\LUT6(init="11111111110010000000...]
Compiling architecture lut5_v of entity unisim.LUT5 [\LUT5(init="11000000111010101110...]
Compiling architecture lut6_v of entity unisim.LUT6 [\LUT6(init="11111111111111111111...]
Compiling architecture lut6_v of entity unisim.LUT6 [\LUT6(init="11111110111011100000...]
Compiling architecture lut4_v of entity unisim.LUT4 [\LUT4(init="1010000010000000")(0...]
Compiling architecture lut6_v of entity unisim.LUT6 [\LUT6(init="11111110000000000000...]
Compiling architecture lut6_v of entity unisim.LUT6 [\LUT6(init="11111111101010000000...]
Compiling architecture lut6_v of entity unisim.LUT6 [\LUT6(init="11110000101000001111...]
Compiling architecture lut6_v of entity unisim.LUT6 [\LUT6(init="11111111111000000000...]
Compiling architecture lut5_v of entity unisim.LUT5 [\LUT5(init="10100000100000001000...]
Compiling architecture lut4_v of entity unisim.LUT4 [\LUT4(init="1110000000000000")(0...]
Compiling architecture lut6_v of entity unisim.LUT6 [\LUT6(init="01010101010101010111...]
Compiling architecture lut6_v of entity unisim.LUT6 [\LUT6(init="11111111111111111111...]
Compiling architecture lut6_v of entity unisim.LUT6 [\LUT6(init="11111111111111111111...]
Compiling architecture lut6_v of entity unisim.LUT6 [\LUT6(init="00000000000000000000...]
Compiling architecture lut6_v of entity unisim.LUT6 [\LUT6(init="00000000000000000000...]
Compiling architecture lut6_v of entity unisim.LUT6 [\LUT6(init="11111111111111111111...]
Compiling architecture lut6_v of entity unisim.LUT6 [\LUT6(init="00000000000000000000...]
Compiling architecture lut6_v of entity unisim.LUT6 [\LUT6(init="11111000111110001111...]
Compiling architecture lut6_v of entity unisim.LUT6 [\LUT6(init="11101010111010101110...]
Compiling architecture lut6_v of entity unisim.LUT6 [\LUT6(init="10100000101000001010...]
Compiling architecture lut6_v of entity unisim.LUT6 [\LUT6(init="10101010101010101010...]
Compiling architecture lut6_v of entity unisim.LUT6 [\LUT6(init="00000000000000000000...]
Compiling architecture lut6_v of entity unisim.LUT6 [\LUT6(init="00001111000010000000...]
Compiling architecture lut5_v of entity unisim.LUT5 [\LUT5(init="01000100010011000100...]
Compiling architecture lut4_v of entity unisim.LUT4 [\LUT4(init="1100110010000000")(0...]
Compiling architecture lut6_v of entity unisim.LUT6 [\LUT6(init="10101010101010101010...]
Compiling architecture lut6_v of entity unisim.LUT6 [\LUT6(init="11111111111111111111...]
Compiling architecture lut6_v of entity unisim.LUT6 [\LUT6(init="10001000100010001000...]
Compiling architecture lut5_v of entity unisim.LUT5 [\LUT5(init="10101010101010101010...]
Compiling architecture lut6_v of entity unisim.LUT6 [\LUT6(init="10101010101010101010...]
Compiling architecture lut4_v of entity unisim.LUT4 [\LUT4(init="1010101010101000")(0...]
Compiling architecture lut6_v of entity unisim.LUT6 [\LUT6(init="00000000000000001010...]
Compiling architecture lut6_v of entity unisim.LUT6 [\LUT6(init="11111111111111111111...]
Compiling architecture lut6_v of entity unisim.LUT6 [\LUT6(init="10101010101010101010...]
Compiling architecture lut3_v of entity unisim.LUT3 [\LUT3(init="10101000")(0,7)\]
Compiling architecture lut6_v of entity unisim.LUT6 [\LUT6(init="10101010101010101010...]
Compiling architecture lut6_v of entity unisim.LUT6 [\LUT6(init="10101010101010101010...]
Compiling architecture lut6_v of entity unisim.LUT6 [\LUT6(init="00000000101000100000...]
Compiling architecture lut6_v of entity unisim.LUT6 [\LUT6(init="11111111000000001111...]
Compiling architecture lut5_v of entity unisim.LUT5 [\LUT5(init="11110000111100001110...]
Compiling architecture lut6_v of entity unisim.LUT6 [\LUT6(init="00000000000000000000...]
Compiling architecture lut4_v of entity unisim.LUT4 [\LUT4(init="1010101010000000")(0...]
Compiling architecture lut6_v of entity unisim.LUT6 [\LUT6(init="01000100010001000100...]
Compiling architecture lut4_v of entity unisim.LUT4 [\LUT4(init="0001000100010111")(0...]
Compiling architecture lut4_v of entity unisim.LUT4 [\LUT4(init="0100010011010100")(0...]
Compiling architecture lut4_v of entity unisim.LUT4 [\LUT4(init="0000011001100000")(0...]
Compiling architecture lut4_v of entity unisim.LUT4 [\LUT4(init="1001000000001001")(0...]
Compiling architecture lut6_v of entity unisim.LUT6 [\LUT6(init="00000000000000000000...]
Compiling architecture lut5_v of entity unisim.LUT5 [\LUT5(init="11111111111111111111...]
Compiling architecture lut3_v of entity unisim.LUT3 [\LUT3(init="11001000")(0,7)\]
Compiling architecture lut4_v of entity unisim.LUT4 [\LUT4(init="1111100000000000")(0...]
Compiling architecture lut4_v of entity unisim.LUT4 [\LUT4(init="0001000101110001")(0...]
Compiling architecture lut4_v of entity unisim.LUT4 [\LUT4(init="0100010001001101")(0...]
Compiling architecture lut6_v of entity unisim.LUT6 [\LUT6(init="10101010101010101010...]
Compiling architecture lut4_v of entity unisim.LUT4 [\LUT4(init="0110000000000110")(0...]
Compiling architecture lut4_v of entity unisim.LUT4 [\LUT4(init="0000100110010000")(0...]
Compiling architecture lut6_v of entity unisim.LUT6 [\LUT6(init="11111111111111100000...]
Compiling architecture lut6_v of entity unisim.LUT6 [\LUT6(init="00000000000000000000...]
Compiling architecture lut3_v of entity unisim.LUT3 [\LUT3(init="11101010")(0,7)\]
Compiling architecture lut6_v of entity unisim.LUT6 [\LUT6(init="00000011001100110011...]
Compiling architecture lut6_v of entity unisim.LUT6 [\LUT6(init="11001101110011011100...]
Compiling architecture lut6_v of entity unisim.LUT6 [\LUT6(init="10101111101010111111...]
Compiling architecture lut6_v of entity unisim.LUT6 [\LUT6(init="00000000000000100000...]
Compiling architecture lut4_v of entity unisim.LUT4 [\LUT4(init="1111101110101010")(0...]
Compiling architecture lut6_v of entity unisim.LUT6 [\LUT6(init="11001101111111111100...]
Compiling architecture lut5_v of entity unisim.LUT5 [\LUT5(init="01001111111111111111...]
Compiling architecture lut3_v of entity unisim.LUT3 [\LUT3(init="11111110")(0,7)\]
Compiling architecture lut6_v of entity unisim.LUT6 [\LUT6(init="10001000100000001000...]
Compiling architecture lut4_v of entity unisim.LUT4 [\LUT4(init="0111111101110111")(0...]
Compiling architecture lut5_v of entity unisim.LUT5 [\LUT5(init="01110000010100001111...]
Compiling architecture lut6_v of entity unisim.LUT6 [\LUT6(init="00010001000100110001...]
Compiling architecture lut4_v of entity unisim.LUT4 [\LUT4(init="0000001101110111")(0...]
Compiling architecture lut6_v of entity unisim.LUT6 [\LUT6(init="10000000100010001000...]
Compiling architecture lut6_v of entity unisim.LUT6 [\LUT6(init="00000000101010100010...]
Compiling architecture lut6_v of entity unisim.LUT6 [\LUT6(init="00010000000100010001...]
Compiling architecture lut6_v of entity unisim.LUT6 [\LUT6(init="11111010111010100000...]
Compiling architecture lut6_v of entity unisim.LUT6 [\LUT6(init="00000000000000000000...]
Compiling architecture lut5_v of entity unisim.LUT5 [\LUT5(init="11101110111011001110...]
Compiling architecture lut6_v of entity unisim.LUT6 [\LUT6(init="00000000000000110000...]
Compiling architecture lut6_v of entity unisim.LUT6 [\LUT6(init="00000000100000001000...]
Compiling architecture lut6_v of entity unisim.LUT6 [\LUT6(init="00000000000000000000...]
Compiling architecture lut6_v of entity unisim.LUT6 [\LUT6(init="00110111001101110011...]
Compiling architecture lut6_v of entity unisim.LUT6 [\LUT6(init="00010011111111110001...]
Compiling architecture lut6_v of entity unisim.LUT6 [\LUT6(init="10101010100010001010...]
Compiling architecture lut4_v of entity unisim.LUT4 [\LUT4(init="0000100010101010")(0...]
Compiling architecture lut5_v of entity unisim.LUT5 [\LUT5(init="00001111001111110111...]
Compiling architecture lut6_v of entity unisim.LUT6 [\LUT6(init="11111111111111111110...]
Compiling architecture lut6_v of entity unisim.LUT6 [\LUT6(init="00000010000000100000...]
Compiling architecture lut6_v of entity unisim.LUT6 [\LUT6(init="00000000000000000000...]
Compiling architecture lut5_v of entity unisim.LUT5 [\LUT5(init="00110111001111110011...]
Compiling architecture lut5_v of entity unisim.LUT5 [\LUT5(init="00010101000101010001...]
Compiling architecture lut6_v of entity unisim.LUT6 [\LUT6(init="00000000000000000000...]
Compiling architecture lut6_v of entity unisim.LUT6 [\LUT6(init="00001111011111110111...]
Compiling architecture lut4_v of entity unisim.LUT4 [\LUT4(init="1111111111111110")(0...]
Compiling architecture lut6_v of entity unisim.LUT6 [\LUT6(init="01110111011111110000...]
Compiling architecture lut3_v of entity unisim.LUT3 [\LUT3(init="00110111")(0,7)\]
Compiling architecture lut6_v of entity unisim.LUT6 [\LUT6(init="00000000000000001111...]
Compiling architecture lut6_v of entity unisim.LUT6 [\LUT6(init="01010000010100000011...]
Compiling architecture lut5_v of entity unisim.LUT5 [\LUT5(init="00001011000000000000...]
Compiling architecture lut6_v of entity unisim.LUT6 [\LUT6(init="11111111111111111111...]
Compiling architecture lut6_v of entity unisim.LUT6 [\LUT6(init="00000000000000000000...]
Compiling architecture lut6_v of entity unisim.LUT6 [\LUT6(init="00000000000000010000...]
Compiling architecture lut5_v of entity unisim.LUT5 [\LUT5(init="10001000100010111011...]
Compiling architecture lut6_v of entity unisim.LUT6 [\LUT6(init="00000000000000000000...]
Compiling architecture lut6_v of entity unisim.LUT6 [\LUT6(init="11111111111111111111...]
Compiling architecture lut6_v of entity unisim.LUT6 [\LUT6(init="10101010101010101010...]
Compiling architecture lut6_v of entity unisim.LUT6 [\LUT6(init="11111100111111111111...]
Compiling architecture lut6_v of entity unisim.LUT6 [\LUT6(init="01010000010111110011...]
Compiling architecture lut6_v of entity unisim.LUT6 [\LUT6(init="11110000111111111111...]
Compiling architecture lut5_v of entity unisim.LUT5 [\LUT5(init="10111000101110000000...]
Compiling architecture lut5_v of entity unisim.LUT5 [\LUT5(init="11101010101010101110...]
Compiling architecture lut6_v of entity unisim.LUT6 [\LUT6(init="11011111111111111111...]
Compiling architecture lut6_v of entity unisim.LUT6 [\LUT6(init="10101010001010100010...]
Compiling architecture lut6_v of entity unisim.LUT6 [\LUT6(init="10101010110011001010...]
Compiling architecture lut4_v of entity unisim.LUT4 [\LUT4(init="0010101010000000")(0...]
Compiling architecture lut5_v of entity unisim.LUT5 [\LUT5(init="00101010101010101000...]
Compiling architecture lut6_v of entity unisim.LUT6 [\LUT6(init="00101010101010101010...]
Compiling architecture lut3_v of entity unisim.LUT3 [\LUT3(init="10101110")(0,7)\]
Compiling architecture lut4_v of entity unisim.LUT4 [\LUT4(init="0000000000100000")(0...]
Compiling architecture lut6_v of entity unisim.LUT6 [\LUT6(init="11111111111111111111...]
Compiling architecture lut6_v of entity unisim.LUT6 [\LUT6(init="00010001000100010001...]
Compiling architecture lut5_v of entity unisim.LUT5 [\LUT5(init="01000000000100010100...]
Compiling architecture lut6_v of entity unisim.LUT6 [\LUT6(init="00000000001000000000...]
Compiling architecture lut6_v of entity unisim.LUT6 [\LUT6(init="00000000000000000000...]
Compiling architecture lut5_v of entity unisim.LUT5 [\LUT5(init="00000100111111110000...]
Compiling architecture lut6_v of entity unisim.LUT6 [\LUT6(init="00000000000000001010...]
Compiling architecture lut5_v of entity unisim.LUT5 [\LUT5(init="10101010101110111011...]
Compiling architecture lut6_v of entity unisim.LUT6 [\LUT6(init="11100000000000001111...]
Compiling architecture lut6_v of entity unisim.LUT6 [\LUT6(init="10101000101010101010...]
Compiling architecture lut4_v of entity unisim.LUT4 [\LUT4(init="0111111111111111")(0...]
Compiling architecture lut5_v of entity unisim.LUT5 [\LUT5(init="11111111111111111111...]
Compiling architecture lut5_v of entity unisim.LUT5 [\LUT5(init="00000000100000001010...]
Compiling architecture lut6_v of entity unisim.LUT6 [\LUT6(init="01110101011101011111...]
Compiling architecture lut6_v of entity unisim.LUT6 [\LUT6(init="11111111111111111111...]
Compiling architecture lut6_v of entity unisim.LUT6 [\LUT6(init="01110101011101110000...]
Compiling architecture lut5_v of entity unisim.LUT5 [\LUT5(init="10000000000000001010...]
Compiling architecture lut5_v of entity unisim.LUT5 [\LUT5(init="11110111011101110111...]
Compiling architecture lut6_v of entity unisim.LUT6 [\LUT6(init="00000100111111110000...]
Compiling architecture lut6_v of entity unisim.LUT6 [\LUT6(init="10101010101010101010...]
Compiling architecture lut5_v of entity unisim.LUT5 [\LUT5(init="01110101000000001111...]
Compiling architecture lut6_v of entity unisim.LUT6 [\LUT6(init="10001000100010001000...]
Compiling architecture lut6_v of entity unisim.LUT6 [\LUT6(init="11111111111110001100...]
Compiling architecture lut6_v of entity unisim.LUT6 [\LUT6(init="10100010000000000000...]
Compiling architecture lut6_v of entity unisim.LUT6 [\LUT6(init="11111111111111111111...]
Compiling architecture lut6_v of entity unisim.LUT6 [\LUT6(init="00010001111111110001...]
Compiling architecture lut6_v of entity unisim.LUT6 [\LUT6(init="00001100000011000000...]
Compiling architecture lut6_v of entity unisim.LUT6 [\LUT6(init="11111111111111110100...]
Compiling architecture lut4_v of entity unisim.LUT4 [\LUT4(init="0010101010101010")(0...]
Compiling architecture lut6_v of entity unisim.LUT6 [\LUT6(init="10111011101110111011...]
Compiling architecture lut5_v of entity unisim.LUT5 [\LUT5(init="00000000000000001110...]
Compiling architecture lut5_v of entity unisim.LUT5 [\LUT5(init="00000000111111110000...]
Compiling architecture lut4_v of entity unisim.LUT4 [\LUT4(init="1011111110110000")(0...]
Compiling architecture lut6_v of entity unisim.LUT6 [\LUT6(init="00000010000000000000...]
Compiling architecture lut6_v of entity unisim.LUT6 [\LUT6(init="10111011101110111011...]
Compiling architecture lut6_v of entity unisim.LUT6 [\LUT6(init="00000000000000000000...]
Compiling architecture lut6_v of entity unisim.LUT6 [\LUT6(init="00000000000000000000...]
Compiling architecture lut6_v of entity unisim.LUT6 [\LUT6(init="00000000000000000000...]
Compiling architecture lut6_v of entity unisim.LUT6 [\LUT6(init="00010001000100010001...]
Compiling architecture lut4_v of entity unisim.LUT4 [\LUT4(init="0100010001000000")(0...]
Compiling architecture lut6_v of entity unisim.LUT6 [\LUT6(init="00000000000000000000...]
Compiling architecture lut6_v of entity unisim.LUT6 [\LUT6(init="00000000000000000000...]
Compiling architecture structure of entity xil_defaultlib.project [project_default]
Compiling architecture structure of entity xil_defaultlib.project_top_module
Built simulation snapshot project_top_module_func_synth
